ohos_build_compiler: gcc
hks_config_lite.h
Done. Made 77 targets from 70 files in 122ms
ninja: Entering directory `F:\hi3861_hdu\src\out\hispark_pegasus\wifiiot_hispark_pegasus'
[1/341] gcc cross compiler obj/base/hiviewdfx/hilog_lite/frameworks/mini/libhilog_lite.hiview_log_limit.o
[2/341] gcc cross compiler obj/base/hiviewdfx/hilog_lite/frameworks/mini/libhilog_lite.hiview_log.o
[3/341] gcc cross compiler obj/base/security/deviceauth/frameworks/deviceauth_lite/source/auth_info/libhichainsdk.add_auth_info.o
[4/341] gcc cross compiler obj/base/security/deviceauth/frameworks/deviceauth_lite/source/auth_info/libhichainsdk.add_auth_info_client.o
[5/341] gcc cross compiler obj/base/hiviewdfx/hiview_lite/libhiview_lite.hiview_cache.o
[6/341] gcc cross compiler obj/base/security/deviceauth/frameworks/deviceauth_lite/source/auth_info/libhichainsdk.auth_info.o
[7/341] gcc cross compiler obj/base/hiviewdfx/hiview_lite/libhiview_lite.hiview_service.o
[8/341] gcc cross compiler obj/base/hiviewdfx/hiview_lite/libhiview_lite.hiview_config.o
[9/341] gcc cross compiler obj/base/hiviewdfx/hiview_lite/libhiview_lite.hiview_file.o
[10/341] gcc cross compiler obj/base/security/deviceauth/frameworks/deviceauth_lite/source/auth_info/libhichainsdk.exchange_auth_info.o
[11/341] gcc cross compiler obj/base/security/deviceauth/services/group_manager/src/group_manager/account_related/identical_account_group_mock/libdeviceauth.identical_account_group_mock.o
[12/341] gcc cross compiler obj/base/hiviewdfx/hiview_lite/libhiview_lite.hiview_util.o
[13/341] gcc cross compiler obj/base/security/deviceauth/frameworks/deviceauth_lite/source/auth_info/libhichainsdk.exchange_auth_info_client.o
[14/341] gcc cross compiler obj/base/security/deviceauth/services/session/src/auth_session_lite/libdeviceauth.auth_session_client_lite.o
[15/341] gcc cross compiler obj/base/hiviewdfx/hilog_lite/frameworks/mini/libhilog_lite.hiview_output_log.o
../../../base/hiviewdfx/hilog_lite/frameworks/mini/hiview_output_log.c: In function 'LogCommonFmt':
../../../base/hiviewdfx/hilog_lite/frameworks/mini/hiview_output_log.c:387:15: warning: comparison is always false due to limited range of data type [-Wtype-limits]
     if (level < 0 || level >= HILOG_LV_MAX) {
               ^
[16/341] gcc cross compiler obj/base/security/deviceauth/services/group_manager/src/group_manager/account_related/account_related_group_manager_mock/libdeviceauth.account_related_group_manager_mock.o
[17/341] gcc cross compiler obj/base/security/deviceauth/services/group_manager/src/group_manager/account_related/across_account_group_mock/libdeviceauth.across_account_group_mock.o
[18/341] gcc cross compiler obj/base/security/deviceauth/services/group_manager/src/group_manager/account_unrelated/account_unrelated_group_manager/libdeviceauth.account_unrelated_group_manager.o
[19/341] gcc cross compiler obj/base/security/deviceauth/services/session/src/auth_session/libdeviceauth.auth_session_client.o
[20/341] gcc cross compiler obj/base/security/deviceauth/services/session/src/bind_session_lite/libdeviceauth.bind_session_client_lite.o
[21/341] gcc cross compiler obj/base/security/deviceauth/services/session/src/bind_session/libdeviceauth.bind_session_client.o
[22/341] gcc cross compiler obj/base/security/deviceauth/services/session/src/auth_session_lite/libdeviceauth.auth_session_server_lite.o
[23/341] gcc cross compiler obj/base/security/deviceauth/hals/src/liteos/libdeviceauth_hal_liteos.hc_types.o
[24/341] gcc cross compiler obj/base/security/deviceauth/hals/src/liteos/libdeviceauth_hal_liteos.hc_time.o
[25/341] gcc cross compiler obj/base/security/deviceauth/services/session/src/key_agree_session_mock/libdeviceauth.key_agree_session_client_mock.o
[26/341] gcc cross compiler obj/base/security/deviceauth/services/session/src/key_agree_session_mock/libdeviceauth.key_agree_session_server_mock.o
[27/341] gcc cross compiler obj/base/security/deviceauth/hals/src/liteos/libdeviceauth_hal_liteos.hc_thread.o
[28/341] gcc cross compiler obj/base/security/deviceauth/services/common/src/callback_manager/libdeviceauth.callback_manager.o
[29/341] gcc cross compiler obj/base/security/deviceauth/services/session/src/auth_session_lite/libdeviceauth.auth_session_common_lite.o
[30/341] gcc cross compiler obj/base/security/deviceauth/services/session/src/libdeviceauth.auth_session_common_util.o
[31/341] gcc cross compiler obj/base/security/deviceauth/services/session/src/bind_session_lite/libdeviceauth.bind_session_server_lite.o
[32/341] gcc cross compiler obj/base/security/deviceauth/services/common/src/channel_manager/libdeviceauth.channel_manager.o
[33/341] gcc cross compiler obj/base/security/deviceauth/services/session/src/auth_session/libdeviceauth.auth_session_util.o
[34/341] gcc cross compiler obj/base/security/deviceauth/services/session/src/bind_session_lite/libdeviceauth.bind_session_common_lite.o
[35/341] gcc cross compiler obj/base/security/huks/services/huks_standard/huks_service/main/os_dependency/posix/libhuks_3.0_sdk.hks_file_operator_lite.o
[36/341] gcc cross compiler obj/base/security/deviceauth/services/session/src/bind_session/libdeviceauth.bind_session_server.o
[37/341] gcc cross compiler obj/base/security/deviceauth/services/session/src/auth_session/libdeviceauth.auth_session_server.o
[38/341] gcc cross compiler obj/base/security/deviceauth/services/module/src/das_module/pake_task/libdeviceauth.pake_task_common.o
[39/341] gcc cross compiler obj/base/security/deviceauth/services/group_manager/src/group_manager/account_unrelated/peer_to_peer_group/libdeviceauth.peer_to_peer_group.o
[40/341] gcc cross compiler obj/base/security/deviceauth/frameworks/deviceauth_lite/source/key_agreement/libhichainsdk.key_agreement_client.o
[41/341] gcc cross compiler obj/base/security/deviceauth/frameworks/deviceauth_lite/source/auth_info/libhichainsdk.remove_auth_info_client.o
[42/341] gcc cross compiler obj/base/security/deviceauth/frameworks/deviceauth_lite/source/json/libhichainsdk.commonutil.o
[43/341] gcc cross compiler obj/base/security/deviceauth/services/group_auth/src/group_auth_manager/account_related_group_auth_mock/libdeviceauth.account_related_group_auth_mock.o
[44/341] gcc cross compiler obj/base/security/deviceauth/services/common/src/task_manager/libdeviceauth.task_manager.o
[45/341] gcc cross compiler obj/base/security/deviceauth/frameworks/deviceauth_lite/source/json/libhichainsdk.jsonutil.o
[46/341] gcc cross compiler obj/base/security/deviceauth/frameworks/deviceauth_lite/source/key_agreement/libhichainsdk.key_agreement_server.o
[47/341] gcc cross compiler obj/base/security/deviceauth/frameworks/deviceauth_lite/source/key_agreement/libhichainsdk.key_agreement.o
[48/341] gcc cross compiler obj/base/security/deviceauth/frameworks/deviceauth_lite/source/struct/libhichainsdk.add_auth_info_data.o
[49/341] gcc cross compiler obj/base/security/deviceauth/services/group_auth/src/group_auth_manager/libdeviceauth.group_auth_manager.o
[50/341] gcc cross compiler obj/base/security/deviceauth/frameworks/deviceauth_lite/source/log/libhichainsdk.log.o
[51/341] gcc cross compiler obj/base/security/deviceauth/services/group_auth/src/group_auth_manager/account_unrelated_group_auth/libdeviceauth.account_unrelated_group_auth.o
[52/341] gcc cross compiler obj/base/security/deviceauth/frameworks/deviceauth_lite/source/key_agreement/libhichainsdk.pake_client.o
[53/341] gcc cross compiler obj/base/security/deviceauth/frameworks/deviceauth_lite/source/struct/libhichainsdk.add_auth_info_request.o
[54/341] gcc cross compiler obj/base/security/deviceauth/frameworks/deviceauth_lite/source/key_agreement/libhichainsdk.sts_client.o
[55/341] gcc cross compiler obj/base/security/deviceauth/frameworks/deviceauth_lite/source/key_agreement/libhichainsdk.sec_clone_server.o
[56/341] gcc cross compiler obj/base/security/deviceauth/frameworks/deviceauth_lite/source/key_agreement/libhichainsdk.pake_server.o
[57/341] gcc cross compiler obj/base/security/deviceauth/frameworks/deviceauth_lite/source/libhichainsdk.hichain.o
[58/341] gcc cross compiler obj/base/security/deviceauth/services/session/src/auth_session/libdeviceauth.auth_session_common.o
[59/341] gcc cross compiler obj/base/security/deviceauth/frameworks/deviceauth_lite/source/struct/libhichainsdk.add_auth_info_response.o
[60/341] gcc cross compiler obj/base/security/deviceauth/services/group_manager/src/group_manager/libdeviceauth.group_common.o
[61/341] gcc cross compiler obj/base/security/deviceauth/services/common/src/broadcast_manager/libdeviceauth.broadcast_manager.o
[62/341] gcc cross compiler obj/base/security/deviceauth/frameworks/deviceauth_lite/source/struct/libhichainsdk.inform_message.o
[63/341] gcc cross compiler obj/base/security/deviceauth/frameworks/deviceauth_lite/source/key_agreement/libhichainsdk.sts_server.o
[64/341] gcc cross compiler obj/base/security/deviceauth/frameworks/deviceauth_lite/source/struct/libhichainsdk.exchange_request.o
[65/341] gcc cross compiler obj/base/security/deviceauth/frameworks/deviceauth_lite/source/struct/libhichainsdk.auth_ack_request.o
[66/341] gcc cross compiler obj/base/security/deviceauth/frameworks/deviceauth_lite/source/schedule/libhichainsdk.distribution.o
[67/341] gcc cross compiler obj/base/security/deviceauth/frameworks/deviceauth_lite/source/schedule/libhichainsdk.build_object.o
[68/341] gcc cross compiler obj/base/security/deviceauth/frameworks/deviceauth_lite/source/struct/libhichainsdk.auth_start_request.o
[69/341] gcc cross compiler obj/base/security/deviceauth/frameworks/deviceauth_lite/source/struct/libhichainsdk.rmv_auth_info_request.o
[70/341] gcc cross compiler obj/base/security/deviceauth/services/session/src/bind_session/libdeviceauth.bind_session_common.o
[71/341] gcc cross compiler obj/base/security/deviceauth/frameworks/deviceauth_lite/source/huks_adapter/libhichainsdk.huks_adapter.o
[72/341] gcc cross compiler obj/base/security/deviceauth/frameworks/deviceauth_lite/source/struct/libhichainsdk.rmv_auth_info_data.o
[73/341] gcc cross compiler obj/base/security/deviceauth/frameworks/deviceauth_lite/source/struct/libhichainsdk.import_add_auth_data.o
[74/341] gcc cross compiler obj/base/security/deviceauth/services/group_manager/src/group_manager/libdeviceauth.group_manager.o
[75/341] gcc cross compiler obj/base/security/deviceauth/frameworks/deviceauth_lite/source/struct/libhichainsdk.exchange_auth_data.o
[76/341] gcc cross compiler obj/base/security/deviceauth/frameworks/deviceauth_lite/source/struct/libhichainsdk.exchange_response.o
[77/341] gcc cross compiler obj/base/security/deviceauth/frameworks/deviceauth_lite/source/struct/libhichainsdk.pake_client_confirm.o
[78/341] gcc cross compiler obj/base/security/deviceauth/frameworks/deviceauth_lite/source/struct/libhichainsdk.auth_start_response.o
[79/341] gcc cross compiler obj/base/security/deviceauth/frameworks/deviceauth_lite/source/struct/libhichainsdk.parsedata.o
[80/341] gcc cross compiler obj/base/security/deviceauth/frameworks/deviceauth_lite/source/struct/libhichainsdk.rmv_auth_info_response.o
[81/341] gcc cross compiler obj/base/security/deviceauth/frameworks/deviceauth_lite/source/struct/libhichainsdk.auth_ack_response.o
[82/341] gcc cross compiler obj/base/security/deviceauth/frameworks/deviceauth_lite/source/struct/libhichainsdk.key_agreement_version.o
[83/341] gcc cross compiler obj/base/security/deviceauth/frameworks/deviceauth_lite/source/struct/libhichainsdk.pake_response.o
[84/341] gcc cross compiler obj/base/security/deviceauth/frameworks/deviceauth_lite/source/struct/libhichainsdk.pake_server_confirm.o
[85/341] gcc cross compiler obj/base/security/deviceauth/frameworks/deviceauth_lite/source/struct/libhichainsdk.sec_clone_data.o
[86/341] gcc cross compiler obj/base/security/deviceauth/frameworks/deviceauth_lite/source/struct/libhichainsdk.pake_request.o
[87/341] gcc cross compiler obj/base/security/deviceauth/hals/src/common/libdeviceauth_hal_liteos.hc_string.o
[88/341] gcc cross compiler obj/base/security/deviceauth/hals/src/common/libdeviceauth_hal_liteos.alg_loader.o
[89/341] gcc cross compiler obj/base/security/deviceauth/hals/src/dev_info/3861/libdeviceauth_hal_liteos.hc_dev_info.o
[90/341] gcc cross compiler obj/base/security/deviceauth/hals/src/common/libdeviceauth_hal_liteos.common_util.o
[91/341] gcc cross compiler obj/base/security/deviceauth/hals/src/common/libdeviceauth_hal_liteos.hc_task_thread.o
[92/341] gcc cross compiler obj/base/security/deviceauth/hals/src/common/libdeviceauth_hal_liteos.hc_parcel.o
[93/341] gcc cross compiler obj/base/security/deviceauth/hals/src/liteos/libdeviceauth_hal_liteos.hc_mutex.o
[94/341] gcc cross compiler obj/base/security/deviceauth/services/libdeviceauth.device_auth.o
[95/341] gcc cross compiler obj/base/security/deviceauth/hals/src/liteos/libdeviceauth_hal_liteos.hc_condition.o
[96/341] gcc cross compiler obj/base/security/deviceauth/hals/src/common/libdeviceauth_hal_liteos.json_utils.o
[97/341] gcc cross compiler obj/base/security/deviceauth/hals/src/common/libdeviceauth_hal_liteos.hc_log.o
In file included from ../../../base/hiviewdfx/hilog_lite/interfaces/native/kits/hilog_lite/log.h:19:0,
                 from ../../../base/security/deviceauth/hals/inc/liteos/hc_log.h:38,
                 from ../../../base/security/deviceauth/hals/src/common/hc_log.c:16:
../../../base/security/deviceauth/hals/src/common/hc_log.c: In function 'DevAuthOutPrint':
../../../base/security/deviceauth/hals/inc/liteos/hc_log.h:45:63: warning: unknown conversion type character '{' in format [-Wformat=]
 #define DEV_AUTH_LOG_DEBUG(buf) HILOG_DEBUG(HILOG_MODULE_SCY, "%{public}s", buf)
                                                               ^
../../../base/hiviewdfx/hilog_lite/interfaces/native/kits/hilog_lite/hiview_log.h:308:95: note: in definition of macro 'HILOG_DEBUG'
 #define HILOG_DEBUG(mod, fmt, ...) HiLogPrintf(mod, HILOG_LV_DEBUG, FUN_ARG_NUM(__VA_ARGS__), fmt, ##__VA_ARGS__)
                                                                                               ^~~
../../../base/security/deviceauth/hals/src/common/hc_log.c:30:13: note: in expansion of macro 'DEV_AUTH_LOG_DEBUG'
             DEV_AUTH_LOG_DEBUG(buf);
             ^~~~~~~~~~~~~~~~~~
../../../base/security/deviceauth/hals/inc/liteos/hc_log.h:45:63: warning: too many arguments for format [-Wformat-extra-args]
 #define DEV_AUTH_LOG_DEBUG(buf) HILOG_DEBUG(HILOG_MODULE_SCY, "%{public}s", buf)
                                                               ^
../../../base/hiviewdfx/hilog_lite/interfaces/native/kits/hilog_lite/hiview_log.h:308:95: note: in definition of macro 'HILOG_DEBUG'
 #define HILOG_DEBUG(mod, fmt, ...) HiLogPrintf(mod, HILOG_LV_DEBUG, FUN_ARG_NUM(__VA_ARGS__), fmt, ##__VA_ARGS__)
                                                                                               ^~~
../../../base/security/deviceauth/hals/src/common/hc_log.c:30:13: note: in expansion of macro 'DEV_AUTH_LOG_DEBUG'
             DEV_AUTH_LOG_DEBUG(buf);
             ^~~~~~~~~~~~~~~~~~
../../../base/security/deviceauth/hals/inc/liteos/hc_log.h:46:61: warning: unknown conversion type character '{' in format [-Wformat=]
 #define DEV_AUTH_LOG_INFO(buf) HILOG_INFO(HILOG_MODULE_SCY, "%{public}s", buf)
                                                             ^
../../../base/hiviewdfx/hilog_lite/interfaces/native/kits/hilog_lite/hiview_log.h:330:93: note: in definition of macro 'HILOG_INFO'
 #define HILOG_INFO(mod, fmt, ...) HiLogPrintf(mod, HILOG_LV_INFO, FUN_ARG_NUM(__VA_ARGS__), fmt, ##__VA_ARGS__)
                                                                                             ^~~
../../../base/security/deviceauth/hals/src/common/hc_log.c:33:13: note: in expansion of macro 'DEV_AUTH_LOG_INFO'
             DEV_AUTH_LOG_INFO(buf);
             ^~~~~~~~~~~~~~~~~
../../../base/security/deviceauth/hals/inc/liteos/hc_log.h:46:61: warning: too many arguments for format [-Wformat-extra-args]
 #define DEV_AUTH_LOG_INFO(buf) HILOG_INFO(HILOG_MODULE_SCY, "%{public}s", buf)
                                                             ^
../../../base/hiviewdfx/hilog_lite/interfaces/native/kits/hilog_lite/hiview_log.h:330:93: note: in definition of macro 'HILOG_INFO'
 #define HILOG_INFO(mod, fmt, ...) HiLogPrintf(mod, HILOG_LV_INFO, FUN_ARG_NUM(__VA_ARGS__), fmt, ##__VA_ARGS__)
                                                                                             ^~~
../../../base/security/deviceauth/hals/src/common/hc_log.c:33:13: note: in expansion of macro 'DEV_AUTH_LOG_INFO'
             DEV_AUTH_LOG_INFO(buf);
             ^~~~~~~~~~~~~~~~~
../../../base/security/deviceauth/hals/inc/liteos/hc_log.h:47:61: warning: unknown conversion type character '{' in format [-Wformat=]
 #define DEV_AUTH_LOG_WARN(buf) HILOG_WARN(HILOG_MODULE_SCY, "%{public}s", buf)
                                                             ^
../../../base/hiviewdfx/hilog_lite/interfaces/native/kits/hilog_lite/hiview_log.h:352:93: note: in definition of macro 'HILOG_WARN'
 #define HILOG_WARN(mod, fmt, ...) HiLogPrintf(mod, HILOG_LV_WARN, FUN_ARG_NUM(__VA_ARGS__), fmt, ##__VA_ARGS__)
                                                                                             ^~~
../../../base/security/deviceauth/hals/src/common/hc_log.c:36:13: note: in expansion of macro 'DEV_AUTH_LOG_WARN'
             DEV_AUTH_LOG_WARN(buf);
             ^~~~~~~~~~~~~~~~~
../../../base/security/deviceauth/hals/inc/liteos/hc_log.h:47:61: warning: too many arguments for format [-Wformat-extra-args]
 #define DEV_AUTH_LOG_WARN(buf) HILOG_WARN(HILOG_MODULE_SCY, "%{public}s", buf)
                                                             ^
../../../base/hiviewdfx/hilog_lite/interfaces/native/kits/hilog_lite/hiview_log.h:352:93: note: in definition of macro 'HILOG_WARN'
 #define HILOG_WARN(mod, fmt, ...) HiLogPrintf(mod, HILOG_LV_WARN, FUN_ARG_NUM(__VA_ARGS__), fmt, ##__VA_ARGS__)
                                                                                             ^~~
../../../base/security/deviceauth/hals/src/common/hc_log.c:36:13: note: in expansion of macro 'DEV_AUTH_LOG_WARN'
             DEV_AUTH_LOG_WARN(buf);
             ^~~~~~~~~~~~~~~~~
../../../base/security/deviceauth/hals/inc/liteos/hc_log.h:48:63: warning: unknown conversion type character '{' in format [-Wformat=]
 #define DEV_AUTH_LOG_ERROR(buf) HILOG_ERROR(HILOG_MODULE_SCY, "%{public}s", buf)
                                                               ^
../../../base/hiviewdfx/hilog_lite/interfaces/native/kits/hilog_lite/hiview_log.h:374:95: note: in definition of macro 'HILOG_ERROR'
 #define HILOG_ERROR(mod, fmt, ...) HiLogPrintf(mod, HILOG_LV_ERROR, FUN_ARG_NUM(__VA_ARGS__), fmt, ##__VA_ARGS__)
                                                                                               ^~~
../../../base/security/deviceauth/hals/src/common/hc_log.c:39:13: note: in expansion of macro 'DEV_AUTH_LOG_ERROR'
             DEV_AUTH_LOG_ERROR(buf);
             ^~~~~~~~~~~~~~~~~~
../../../base/security/deviceauth/hals/inc/liteos/hc_log.h:48:63: warning: too many arguments for format [-Wformat-extra-args]
 #define DEV_AUTH_LOG_ERROR(buf) HILOG_ERROR(HILOG_MODULE_SCY, "%{public}s", buf)
                                                               ^
../../../base/hiviewdfx/hilog_lite/interfaces/native/kits/hilog_lite/hiview_log.h:374:95: note: in definition of macro 'HILOG_ERROR'
 #define HILOG_ERROR(mod, fmt, ...) HiLogPrintf(mod, HILOG_LV_ERROR, FUN_ARG_NUM(__VA_ARGS__), fmt, ##__VA_ARGS__)
                                                                                               ^~~
../../../base/security/deviceauth/hals/src/common/hc_log.c:39:13: note: in expansion of macro 'DEV_AUTH_LOG_ERROR'
             DEV_AUTH_LOG_ERROR(buf);
             ^~~~~~~~~~~~~~~~~~
[98/341] gcc cross compiler obj/base/security/deviceauth/hals/src/liteos/L0/libdeviceauth_hal_liteos.hc_file.o
[99/341] gcc cross compiler obj/base/security/deviceauth/hals/src/common/libdeviceauth_hal_liteos.hc_tlv_parser.o
[100/341] gcc cross compiler obj/base/security/deviceauth/hals/src/liteos/L0/libdeviceauth_hal_liteos.hc_init_protection.o
../../../base/security/deviceauth/hals/src/liteos/L0/hc_init_protection.c:77:6: warning: function declaration isn't a prototype [-Wstrict-prototypes]
 void InitSecurityDevAuth()
      ^~~~~~~~~~~~~~~~~~~
../../../base/security/deviceauth/hals/src/liteos/L0/hc_init_protection.c:86:6: warning: function declaration isn't a prototype [-Wstrict-prototypes]
 void DestroySecurityDevAuth()
      ^~~~~~~~~~~~~~~~~~~~~~
[101/341] gcc cross compiler obj/base/security/deviceauth/services/module/src/libdeviceauth.module_common.o
[102/341] gcc cross compiler obj/base/security/deviceauth/services/session/src/libdeviceauth.session_common.o
[103/341] gcc cross compiler obj/base/security/deviceauth/hals/src/liteos/L0/libdeviceauth_hal_liteos.huks_adapter.o
../../../base/security/deviceauth/hals/src/liteos/L0/huks_adapter.c:63:16: warning: function declaration isn't a prototype [-Wstrict-prototypes]
 static int32_t InitHks()
                ^~~~~~~
../../../base/security/deviceauth/hals/src/liteos/L0/huks_adapter.c: In function 'CheckImportAsymmetricKeyParam':
../../../base/security/deviceauth/hals/src/liteos/L0/huks_adapter.c:433:44: warning: unused parameter 'userType' [-Wunused-parameter]
     const Uint8Buff *authId, const int32_t userType, const int32_t pairType)
                                            ^~~~~~~~
../../../base/security/deviceauth/hals/src/liteos/L0/huks_adapter.c: At top level:
../../../base/security/deviceauth/hals/src/liteos/L0/huks_adapter.c:549:1: warning: missing initializer for field 'bigNumCompare' of 'AlgLoader {aka const struct <anonymous>}' [-Wmissing-field-initializers]
 };
 ^
In file included from ../../../base/security/deviceauth/hals/inc/common/huks_adapter.h:19:0,
                 from ../../../base/security/deviceauth/hals/src/liteos/L0/huks_adapter.c:16:
../../../base/security/deviceauth/hals/inc/common/alg_defs.h:147:23: note: 'bigNumCompare' declared here
     BigNumCompareFunc bigNumCompare;
                       ^~~~~~~~~~~~~
[104/341] gcc cross compiler obj/base/security/deviceauth/services/module/src/libdeviceauth.version_util.o
[105/341] gcc cross compiler obj/base/security/deviceauth/services/module/src/das_module/iso_task/lite_exchange_task/libdeviceauth.iso_client_bind_exchange_task.o
[106/341] gcc cross compiler obj/base/security/deviceauth/services/module/src/das_module/iso_task/iso_protocol_task/libdeviceauth.iso_server_protocol_task.o
[107/341] gcc cross compiler obj/base/security/deviceauth/services/module/src/das_module/libdeviceauth.das_version_util.o
[108/341] gcc cross compiler obj/base/security/deviceauth/services/module/src/das_module/iso_task/libdeviceauth.iso_server_task.o
[109/341] gcc cross compiler obj/base/security/deviceauth/services/module/src/das_module/libdeviceauth.das_common.o
[110/341] gcc cross compiler obj/base/security/deviceauth/services/module/src/das_module/iso_task/libdeviceauth.iso_task_main.o
[111/341] gcc cross compiler obj/base/security/huks/services/huks_standard/huks_service/main/core/src/libhuks_3.0_sdk.hks_client_check.o
[112/341] gcc cross compiler obj/base/security/deviceauth/services/module/src/das_module/pake_task/pake_task_mock/libdeviceauth.pake_task_main_mock.o
[113/341] gcc cross compiler obj/base/security/deviceauth/services/module/src/das_module/iso_task/iso_protocol_task/libdeviceauth.iso_client_protocol_task.o
[114/341] gcc cross compiler obj/base/security/deviceauth/services/module/src/das_module/libdeviceauth.das_module.o
[115/341] gcc cross compiler obj/base/security/deviceauth/services/module/src/das_module/iso_task/libdeviceauth.iso_client_task.o
[116/341] gcc cross compiler obj/base/security/deviceauth/services/module/src/protocol/pake_protocol/pake_protocol_dl_mock/libdeviceauth.pake_protocol_dl_mock.o
[117/341] gcc cross compiler obj/base/security/deviceauth/services/module/src/protocol/pake_protocol/pake_protocol_ec_mock/libdeviceauth.pake_protocol_ec_mock.o
[118/341] gcc cross compiler obj/base/security/huks/services/huks_standard/huks_service/main/core/src/libhuks_3.0_sdk.hks_client_service_adapter_lite.o
[119/341] gcc cross compiler obj/base/security/deviceauth/services/module/src/tcis_module_mock/libdeviceauth.tcis_module_mock.o
[120/341] gcc cross compiler obj/base/security/huks/frameworks/huks_standard/main/os_dependency/ipc/src/libhuks_3.0_sdk.hks_client_service_passthrough.o
[121/341] gcc cross compiler obj/base/security/deviceauth/services/module/src/das_module/iso_task/lite_exchange_task/libdeviceauth.iso_client_unbind_exchange_task.o
[122/341] gcc cross compiler obj/base/security/deviceauth/services/module/src/das_module/iso_task/lite_exchange_task/libdeviceauth.iso_server_unbind_exchange_task.o
[123/341] gcc cross compiler obj/base/security/deviceauth/services/common/src/channel_manager/soft_bus_channel_mock/libdeviceauth.soft_bus_channel_mock.o
[124/341] gcc cross compiler obj/base/security/deviceauth/services/module/src/protocol/new_pake_protocol/new_pake_protocol_dl_mock/libdeviceauth.new_pake_protocol_dl_mock.o
[125/341] gcc cross compiler obj/base/security/deviceauth/services/module/src/libdeviceauth.dev_auth_module_manager.o
[126/341] gcc cross compiler obj/base/security/deviceauth/services/module/src/das_module/iso_task/lite_exchange_task/libdeviceauth.iso_server_bind_exchange_task.o
[127/341] gcc cross compiler obj/base/security/huks/interfaces/innerkits/huks_lite/libhuks_3.0_sdk.hks_tmp_client.o
[128/341] gcc cross compiler obj/base/security/deviceauth/services/module/src/protocol/libdeviceauth.protocol_common.o
[129/341] gcc cross compiler obj/base/startup/bootstrap_lite/services/source/libbootstrap.system_init.o
[130/341] gcc cross compiler obj/base/security/deviceauth/services/module/src/protocol/iso_protocol/libdeviceauth.iso_protocol_common.o
[131/341] gcc cross compiler obj/base/security/deviceauth/services/module/src/protocol/new_pake_protocol/new_pake_protocol_ec_mock/libdeviceauth.new_pake_protocol_ec_mock.o
[132/341] gcc cross compiler obj/base/security/huks/services/huks_standard/huks_service/main/core/src/libhuks_3.0_sdk.hks_client_service.o
../../../base/security/huks/services/huks_standard/huks_service/main/core/src/hks_client_service.c: In function 'HksServiceSignWithDeviceKey':
../../../base/security/huks/services/huks_standard/huks_service/main/core/src/hks_client_service.c:1214:59: warning: unused parameter 'processName' [-Wunused-parameter]
 int32_t HksServiceSignWithDeviceKey(const struct HksBlob *processName, uint32_t keyId,
                                                           ^~~~~~~~~~~
../../../base/security/huks/services/huks_standard/huks_service/main/core/src/hks_client_service.c:1214:81: warning: unused parameter 'keyId' [-Wunused-parameter]
 int32_t HksServiceSignWithDeviceKey(const struct HksBlob *processName, uint32_t keyId,
                                                                                 ^~~~~
../../../base/security/huks/services/huks_standard/huks_service/main/core/src/hks_client_service.c:1215:31: warning: unused parameter 'paramSet' [-Wunused-parameter]
     const struct HksParamSet *paramSet, const struct HksBlob *srcData, struct HksBlob *signature)
                               ^~~~~~~~
../../../base/security/huks/services/huks_standard/huks_service/main/core/src/hks_client_service.c:1215:63: warning: unused parameter 'srcData' [-Wunused-parameter]
     const struct HksParamSet *paramSet, const struct HksBlob *srcData, struct HksBlob *signature)
                                                               ^~~~~~~
../../../base/security/huks/services/huks_standard/huks_service/main/core/src/hks_client_service.c:1215:88: warning: unused parameter 'signature' [-Wunused-parameter]
     const struct HksParamSet *paramSet, const struct HksBlob *srcData, struct HksBlob *signature)
                                                                                        ^~~~~~~~~
../../../base/security/huks/services/huks_standard/huks_service/main/core/src/hks_client_service.c: In function 'HksServiceAttestKey':
../../../base/security/huks/services/huks_standard/huks_service/main/core/src/hks_client_service.c:1220:51: warning: unused parameter 'processName' [-Wunused-parameter]
 int32_t HksServiceAttestKey(const struct HksBlob *processName, const struct HksBlob *keyAlias,
                                                   ^~~~~~~~~~~
../../../base/security/huks/services/huks_standard/huks_service/main/core/src/hks_client_service.c:1220:86: warning: unused parameter 'keyAlias' [-Wunused-parameter]
 int32_t HksServiceAttestKey(const struct HksBlob *processName, const struct HksBlob *keyAlias,
                                                                                      ^~~~~~~~
../../../base/security/huks/services/huks_standard/huks_service/main/core/src/hks_client_service.c:1221:31: warning: unused parameter 'paramSet' [-Wunused-parameter]
     const struct HksParamSet *paramSet, struct HksBlob *certChain)
                               ^~~~~~~~
../../../base/security/huks/services/huks_standard/huks_service/main/core/src/hks_client_service.c:1221:57: warning: unused parameter 'certChain' [-Wunused-parameter]
     const struct HksParamSet *paramSet, struct HksBlob *certChain)
                                                         ^~~~~~~~~
../../../base/security/huks/services/huks_standard/huks_service/main/core/src/hks_client_service.c: In function 'HksServiceGetCertificateChain':
../../../base/security/huks/services/huks_standard/huks_service/main/core/src/hks_client_service.c:1226:61: warning: unused parameter 'processName' [-Wunused-parameter]
 int32_t HksServiceGetCertificateChain(const struct HksBlob *processName, const struct HksBlob *keyAlias,
                                                             ^~~~~~~~~~~
../../../base/security/huks/services/huks_standard/huks_service/main/core/src/hks_client_service.c:1226:96: warning: unused parameter 'keyAlias' [-Wunused-parameter]
 int32_t HksServiceGetCertificateChain(const struct HksBlob *processName, const struct HksBlob *keyAlias,
                                                                                                ^~~~~~~~
../../../base/security/huks/services/huks_standard/huks_service/main/core/src/hks_client_service.c:1227:31: warning: unused parameter 'paramSet' [-Wunused-parameter]
     const struct HksParamSet *paramSet, struct HksBlob *certChain)
                               ^~~~~~~~
../../../base/security/huks/services/huks_standard/huks_service/main/core/src/hks_client_service.c:1227:57: warning: unused parameter 'certChain' [-Wunused-parameter]
     const struct HksParamSet *paramSet, struct HksBlob *certChain)
                                                         ^~~~~~~~~
../../../base/security/huks/services/huks_standard/huks_service/main/core/src/hks_client_service.c: In function 'HksServiceWrapKey':
../../../base/security/huks/services/huks_standard/huks_service/main/core/src/hks_client_service.c:1232:49: warning: unused parameter 'processName' [-Wunused-parameter]
 int32_t HksServiceWrapKey(const struct HksBlob *processName, const struct HksBlob *keyAlias,
                                                 ^~~~~~~~~~~
../../../base/security/huks/services/huks_standard/huks_service/main/core/src/hks_client_service.c:1232:84: warning: unused parameter 'keyAlias' [-Wunused-parameter]
 int32_t HksServiceWrapKey(const struct HksBlob *processName, const struct HksBlob *keyAlias,
                                                                                    ^~~~~~~~
../../../base/security/huks/services/huks_standard/huks_service/main/core/src/hks_client_service.c:1233:27: warning: unused parameter 'targetKeyAlias' [-Wunused-parameter]
     const struct HksBlob *targetKeyAlias, const struct HksParamSet *paramSet, struct HksBlob *wrappedData)
                           ^~~~~~~~~~~~~~
../../../base/security/huks/services/huks_standard/huks_service/main/core/src/hks_client_service.c:1233:69: warning: unused parameter 'paramSet' [-Wunused-parameter]
     const struct HksBlob *targetKeyAlias, const struct HksParamSet *paramSet, struct HksBlob *wrappedData)
                                                                     ^~~~~~~~
../../../base/security/huks/services/huks_standard/huks_service/main/core/src/hks_client_service.c:1233:95: warning: unused parameter 'wrappedData' [-Wunused-parameter]
     const struct HksBlob *targetKeyAlias, const struct HksParamSet *paramSet, struct HksBlob *wrappedData)
                                                                                               ^~~~~~~~~~~
../../../base/security/huks/services/huks_standard/huks_service/main/core/src/hks_client_service.c: In function 'HksServiceUnwrapKey':
../../../base/security/huks/services/huks_standard/huks_service/main/core/src/hks_client_service.c:1238:51: warning: unused parameter 'processName' [-Wunused-parameter]
 int32_t HksServiceUnwrapKey(const struct HksBlob *processName, const struct HksBlob *keyAlias,
                                                   ^~~~~~~~~~~
../../../base/security/huks/services/huks_standard/huks_service/main/core/src/hks_client_service.c:1238:86: warning: unused parameter 'keyAlias' [-Wunused-parameter]
 int32_t HksServiceUnwrapKey(const struct HksBlob *processName, const struct HksBlob *keyAlias,
                                                                                      ^~~~~~~~
../../../base/security/huks/services/huks_standard/huks_service/main/core/src/hks_client_service.c:1239:27: warning: unused parameter 'targetKeyAlias' [-Wunused-parameter]
     const struct HksBlob *targetKeyAlias, const struct HksBlob *wrappedData, const struct HksParamSet *paramSet)
                           ^~~~~~~~~~~~~~
../../../base/security/huks/services/huks_standard/huks_service/main/core/src/hks_client_service.c:1239:65: warning: unused parameter 'wrappedData' [-Wunused-parameter]
     const struct HksBlob *targetKeyAlias, const struct HksBlob *wrappedData, const struct HksParamSet *paramSet)
                                                                 ^~~~~~~~~~~
../../../base/security/huks/services/huks_standard/huks_service/main/core/src/hks_client_service.c:1239:104: warning: unused parameter 'paramSet' [-Wunused-parameter]
     const struct HksBlob *targetKeyAlias, const struct HksBlob *wrappedData, const struct HksParamSet *paramSet)
                                                                                                        ^~~~~~~~
../../../base/security/huks/services/huks_standard/huks_service/main/core/src/hks_client_service.c: In function 'HksServiceProvision':
../../../base/security/huks/services/huks_standard/huks_service/main/core/src/hks_client_service.c:1244:51: warning: unused parameter 'srcData' [-Wunused-parameter]
 int32_t HksServiceProvision(const struct HksBlob *srcData, const struct HksBlob *challengeIn)
                                                   ^~~~~~~
../../../base/security/huks/services/huks_standard/huks_service/main/core/src/hks_client_service.c:1244:82: warning: unused parameter 'challengeIn' [-Wunused-parameter]
 int32_t HksServiceProvision(const struct HksBlob *srcData, const struct HksBlob *challengeIn)
                                                                                  ^~~~~~~~~~~
../../../base/security/huks/services/huks_standard/huks_service/main/core/src/hks_client_service.c: In function 'HksServiceProvisionVerify':
../../../base/security/huks/services/huks_standard/huks_service/main/core/src/hks_client_service.c:1249:57: warning: unused parameter 'srcData' [-Wunused-parameter]
 int32_t HksServiceProvisionVerify(const struct HksBlob *srcData, const struct HksBlob *challengeIn)
                                                         ^~~~~~~
../../../base/security/huks/services/huks_standard/huks_service/main/core/src/hks_client_service.c:1249:88: warning: unused parameter 'challengeIn' [-Wunused-parameter]
 int32_t HksServiceProvisionVerify(const struct HksBlob *srcData, const struct HksBlob *challengeIn)
                                                                                        ^~~~~~~~~~~
../../../base/security/huks/services/huks_standard/huks_service/main/core/src/hks_client_service.c: In function 'HksServiceExportTrustCerts':
../../../base/security/huks/services/huks_standard/huks_service/main/core/src/hks_client_service.c:1254:58: warning: unused parameter 'processName' [-Wunused-parameter]
 int32_t HksServiceExportTrustCerts(const struct HksBlob *processName, struct HksBlob *certChain)
                                                          ^~~~~~~~~~~
../../../base/security/huks/services/huks_standard/huks_service/main/core/src/hks_client_service.c:1254:87: warning: unused parameter 'certChain' [-Wunused-parameter]
 int32_t HksServiceExportTrustCerts(const struct HksBlob *processName, struct HksBlob *certChain)
                                                                                       ^~~~~~~~~
[133/341] gcc cross compiler obj/base/security/deviceauth/services/module/src/das_module/pake_task/standard_exchange_task_mock/libdeviceauth.standard_exchange_task_mock.o
[134/341] gcc cross compiler obj/base/security/deviceauth/services/module/src/das_module/pake_task/new_pake_task_mock/libdeviceauth.new_pake_task_main_mock.o
[135/341] gcc cross compiler obj/base/security/huks/frameworks/huks_standard/main/crypto_engine/mbedtls/src/libhuks_3.0_sdk.hks_mbedtls_kdf.o
[136/341] gcc cross compiler obj/base/startup/bootstrap_lite/services/source/libbootstrap.bootstrap_service.o
[137/341] gcc cross compiler obj/base/security/huks/frameworks/huks_standard/main/crypto_engine/mbedtls/src/libhuks_3.0_sdk.hks_mbedtls_rsa.o
[138/341] gcc cross compiler obj/base/security/huks/frameworks/huks_standard/main/crypto_engine/mbedtls/src/libhuks_3.0_sdk.hks_mbedtls_ecdh.o
[139/341] gcc cross compiler obj/base/security/deviceauth/services/module/src/das_module/iso_task/libdeviceauth.iso_task_common.o
[140/341] gcc cross compiler obj/base/security/deviceauth/services/session/src/libdeviceauth.session_manager.o
[141/341] gcc cross compiler obj/base/security/deviceauth/services/module/src/protocol/pake_protocol/libdeviceauth.pake_protocol_common.o
[142/341] gcc cross compiler obj/base/security/huks/frameworks/huks_standard/main/crypto_engine/mbedtls/src/libhuks_3.0_sdk.hks_mbedtls_common.o
[143/341] gcc cross compiler obj/base/security/huks/frameworks/huks_standard/main/crypto_engine/mbedtls/src/libhuks_3.0_sdk.hks_mbedtls_ecc.o
[144/341] gcc cross compiler obj/base/security/deviceauth/services/module/src/das_module/libdeviceauth.task_main.o
[145/341] gcc cross compiler obj/base/security/deviceauth/services/module/src/das_module/pake_task/libdeviceauth.pake_message_util.o
[146/341] gcc cross compiler obj/base/security/huks/frameworks/huks_standard/main/crypto_engine/mbedtls/src/libhuks_3.0_sdk.hks_crypto_ed25519.o
[147/341] gcc cross compiler obj/base/security/huks/frameworks/huks_standard/main/crypto_engine/mbedtls/src/libhuks_3.0_sdk.hks_mbedtls_ecdsa.o
[148/341] gcc cross compiler obj/base/security/huks/frameworks/huks_standard/main/crypto_engine/mbedtls/src/libhuks_3.0_sdk.hks_mbedtls_aes.o
[149/341] STAMP obj/base/update/ota_lite/frameworks/test.stamp
[150/341] STAMP obj/base/update/ota_lite/frameworks/update_api.stamp
[151/341] gcc cross compiler obj/base/security/huks/frameworks/huks_standard/main/crypto_engine/mbedtls/src/libhuks_3.0_sdk.hks_mbedtls_bn.o
[152/341] gcc cross compiler obj/base/security/huks/frameworks/huks_standard/main/crypto_engine/mbedtls/src/libhuks_3.0_sdk.hks_mbedtls_hmac.o
[153/341] STAMP obj/base/startup/syspara_lite/frameworks/token/token_notes.stamp
[154/341] gcc cross compiler obj/base/security/huks/services/huks_standard/huks_engine/main/core/src/libhuks_3.0_sdk.hks_upgrade_key_info.o
[155/341] STAMP obj/build/lite/config/component/cJSON/cjson_shared.stamp
[156/341] STAMP obj/device/hisilicon/hispark_pegasus/hispark_pegasus.stamp
[157/341] gcc cross compiler obj/base/security/huks/services/huks_standard/huks_engine/main/core/src/libhuks_3.0_sdk.hks_auth.o
[158/341] gcc cross compiler obj/base/security/huks/frameworks/huks_standard/main/crypto_engine/mbedtls/src/libhuks_3.0_sdk.hks_mbedtls_hash.o
[159/341] gcc cross compiler obj/base/security/huks/frameworks/huks_standard/main/crypto_engine/mbedtls/src/libhuks_3.0_sdk.hks_mbedtls_x25519.o
[160/341] gcc cross compiler obj/base/security/huks/frameworks/huks_standard/main/common/src/libhuks_3.0_sdk.hks_common_check.o
[161/341] gcc cross compiler obj/base/security/huks/services/huks_standard/huks_service/main/core/src/libhuks_3.0_sdk.hks_upgrade_storage_data.o
[162/341] STAMP obj/build/lite/mark_as_prebuilts.stamp
[163/341] STAMP obj/domains/iot/link/link.stamp
[164/341] gcc cross compiler obj/base/security/huks/frameworks/huks_standard/main/os_dependency/sysinfo/src/libhuks_3.0_sdk.hks_get_udid.o
[165/341] STAMP obj/build/lite/ndk.stamp
[166/341] gcc cross compiler obj/base/security/huks/frameworks/huks_standard/main/common/src/libhuks_3.0_sdk.hks_param.o
[167/341] gcc cross compiler obj/base/security/huks/frameworks/huks_standard/main/os_dependency/posix/libhuks_3.0_sdk.hks_mem.o
[168/341] gcc cross compiler obj/base/security/huks/frameworks/huks_standard/main/os_dependency/sysinfo/src/libhuks_3.0_sdk.hks_get_process_info_passthrough.o
[169/341] gcc cross compiler obj/base/security/huks/services/huks_standard/huks_engine/main/core/src/libhuks_3.0_sdk.hks_rkc_rw.o
[170/341] gcc cross compiler obj/base/security/huks/services/huks_standard/huks_engine/main/core/src/libhuks_3.0_sdk.hks_keyblob.o
[171/341] gcc cross compiler obj/base/security/huks/frameworks/huks_standard/main/common/src/libhuks_3.0_sdk.hks_check_paramset.o
../../../base/security/huks/frameworks/huks_standard/main/common/src/hks_check_paramset.c:309:16: warning: 'CheckSignVerifyParamsByAlg' defined but not used [-Wunused-function]
 static int32_t CheckSignVerifyParamsByAlg(uint32_t cmdId, uint32_t alg, const struct ParamsValues *inputParams)
                ^~~~~~~~~~~~~~~~~~~~~~~~~~
[172/341] gcc cross compiler obj/base/security/huks/services/huks_standard/huks_service/main/core/src/libhuks_3.0_sdk.hks_storage_adapter.o
[173/341] gcc cross compiler obj/base/security/huks/interfaces/innerkits/huks_standard/main/src/libhuks_3.0_sdk.hks_api.o
[174/341] gcc cross compiler obj/base/security/huks/services/huks_standard/huks_engine/main/core/src/libhuks_3.0_sdk.hks_core_service.o
[175/341] gcc cross compiler obj/base/security/huks/frameworks/huks_standard/main/common/src/libhuks_3.0_sdk.hks_crypto_adapter.o
[176/341] gcc cross compiler obj/base/startup/syspara_lite/frameworks/token/src/token_impl_hal/libtoken_static.token.o
[177/341] gcc cross compiler obj/base/security/huks/frameworks/huks_standard/main/core/src/libhuks_3.0_sdk.hks_local_engine.o
[178/341] gcc cross compiler obj/base/startup/syspara_lite/frameworks/parameter/src/param_impl_hal/libsysparam.param_impl_hal.o
[179/341] gcc cross compiler obj/base/security/huks/services/huks_standard/huks_engine/main/core/src/libhuks_3.0_sdk.hks_rkc.o
[180/341] gcc cross compiler obj/base/security/huks/services/huks_standard/huks_engine/main/core/src/libhuks_3.0_sdk.hks_keyblob_lite.o
[181/341] gcc cross compiler obj/base/update/ota_lite/frameworks/source/verify/libhota.hota_verify.o
In file included from ../../../base/update/ota_lite/frameworks/source/verify/hota_verify.c:21:0:
../../../base/update/ota_lite/hals/hal_hota_board.h:111:1: warning: function declaration isn't a prototype [-Wstrict-prototypes]
 const ComponentTableInfo *HotaHalGetPartitionInfo();
 ^~~~~
[182/341] STAMP obj/domains/iot/link/iot.stamp
[183/341] gcc cross compiler obj/base/update/ota_lite/frameworks/source/verify/libhota.app_rsa.o
[184/341] gcc cross compiler obj/base/update/ota_lite/frameworks/source/verify/libhota.app_sha256.o
[185/341] gcc cross compiler obj/device/hisilicon/hispark_pegasus/hi3861_adapter/hals/iot_hardware/wifiiot_lite/libhal_iothardware.hal_iot_flash.o
[186/341] gcc cross compiler obj/device/hisilicon/hispark_pegasus/hi3861_adapter/hals/iot_hardware/wifiiot_lite/libhal_iothardware.hal_iot_watchdog.o
[187/341] gcc cross compiler obj/device/hisilicon/hispark_pegasus/hi3861_adapter/hals/iot_hardware/wifiiot_lite/libhal_iothardware.hal_iot_uart.o
[188/341] gcc cross compiler obj/base/security/deviceauth/services/common/src/data_base/libdeviceauth.database_manager.o
[189/341] gcc cross compiler obj/device/hisilicon/hispark_pegasus/hi3861_adapter/hals/communication/wifi_lite/wifiaware/source/libhal_wifiaware.hal_wifiaware.o
[190/341] gcc cross compiler obj/base/security/huks/services/huks_standard/huks_service/main/core/src/libhuks_3.0_sdk.hks_storage_lite.o
[191/341] gcc cross compiler obj/device/hisilicon/hispark_pegasus/hi3861_adapter/hals/iot_hardware/wifiiot_lite/libhal_iothardware.hal_lowpower.o
[192/341] gcc cross compiler obj/device/hisilicon/hispark_pegasus/hi3861_adapter/hals/iot_hardware/wifiiot_lite/libhal_iothardware.hal_iot_pwm.o
[193/341] gcc cross compiler obj/device/hisilicon/hispark_pegasus/hi3861_adapter/hals/iot_hardware/wifiiot_lite/libhal_iothardware.hal_reset.o
[194/341] gcc cross compiler obj/device/hisilicon/hispark_pegasus/hi3861_adapter/hals/iot_hardware/wifiiot_lite/libhal_iothardware.hal_iot_i2c.o
../../../device/hisilicon/hispark_pegasus/hi3861_adapter/hals/iot_hardware/wifiiot_lite/hal_iot_i2c.c: In function 'IoTI2cWrite':
../../../device/hisilicon/hispark_pegasus/hi3861_adapter/hals/iot_hardware/wifiiot_lite/hal_iot_i2c.c:25:22: warning: assignment discards 'const' qualifier from pointer target type [-Wdiscarded-qualifiers]
     i2cData.send_buf = data;
                      ^
[195/341] gcc cross compiler obj/base/security/huks/frameworks/huks_standard/main/common/src/libhuks_3.0_sdk.hks_base_check.o
../../../base/security/huks/frameworks/huks_standard/main/common/src/hks_base_check.c: In function 'HksCheckSignature':
../../../base/security/huks/frameworks/huks_standard/main/common/src/hks_base_check.c:1016:36: warning: unused parameter 'cmdId' [-Wunused-parameter]
 int32_t HksCheckSignature(uint32_t cmdId, uint32_t alg, const struct HksBlob *key, const struct HksBlob *signature)
                                    ^~~~~
../../../base/security/huks/frameworks/huks_standard/main/common/src/hks_base_check.c:1016:106: warning: unused parameter 'signature' [-Wunused-parameter]
 int32_t HksCheckSignature(uint32_t cmdId, uint32_t alg, const struct HksBlob *key, const struct HksBlob *signature)
                                                                                                          ^~~~~~~~~
[196/341] gcc cross compiler obj/device/hisilicon/hispark_pegasus/hi3861_adapter/hals/iot_hardware/wifiiot_lite/libhal_iothardware.hal_iot_gpio.o
[197/341] gcc cross compiler obj/device/hisilicon/hispark_pegasus/hi3861_adapter/kal/posix/src/libposix.libc.o
[198/341] gcc cross compiler obj/base/security/huks/frameworks/huks_standard/main/crypto_engine/mbedtls/src/libhuks_3.0_sdk.hks_mbedtls_engine.o
../../../base/security/huks/frameworks/huks_standard/main/crypto_engine/mbedtls/src/hks_mbedtls_engine.c: In function 'HksCryptoHalSign':
../../../base/security/huks/frameworks/huks_standard/main/crypto_engine/mbedtls/src/hks_mbedtls_engine.c:207:48: warning: unused parameter 'key' [-Wunused-parameter]
 int32_t HksCryptoHalSign(const struct HksBlob *key, const struct HksUsageSpec *usageSpec,
                                                ^~~
../../../base/security/huks/frameworks/huks_standard/main/crypto_engine/mbedtls/src/hks_mbedtls_engine.c:208:27: warning: unused parameter 'message' [-Wunused-parameter]
     const struct HksBlob *message, struct HksBlob *signature)
                           ^~~~~~~
../../../base/security/huks/frameworks/huks_standard/main/crypto_engine/mbedtls/src/hks_mbedtls_engine.c:208:52: warning: unused parameter 'signature' [-Wunused-parameter]
     const struct HksBlob *message, struct HksBlob *signature)
                                                    ^~~~~~~~~
../../../base/security/huks/frameworks/huks_standard/main/crypto_engine/mbedtls/src/hks_mbedtls_engine.c: In function 'HksCryptoHalVerify':
../../../base/security/huks/frameworks/huks_standard/main/crypto_engine/mbedtls/src/hks_mbedtls_engine.c:229:50: warning: unused parameter 'key' [-Wunused-parameter]
 int32_t HksCryptoHalVerify(const struct HksBlob *key, const struct HksUsageSpec *usageSpec,
                                                  ^~~
../../../base/security/huks/frameworks/huks_standard/main/crypto_engine/mbedtls/src/hks_mbedtls_engine.c:230:27: warning: unused parameter 'message' [-Wunused-parameter]
     const struct HksBlob *message, const struct HksBlob *signature)
                           ^~~~~~~
../../../base/security/huks/frameworks/huks_standard/main/crypto_engine/mbedtls/src/hks_mbedtls_engine.c:230:58: warning: unused parameter 'signature' [-Wunused-parameter]
     const struct HksBlob *message, const struct HksBlob *signature)
                                                          ^~~~~~~~~
[199/341] gcc cross compiler obj/base/startup/syspara_lite/frameworks/parameter/src/libsysparam.parameter_common.o
../../../base/startup/syspara_lite/frameworks/parameter/src/parameter_common.c: In function 'GetSha256Value':
../../../base/startup/syspara_lite/frameworks/parameter/src/parameter_common.c:274:41: warning: pointer targets in passing argument 2 of 'mbedtls_sha256_update_ret' differ in signedness [-Wpointer-sign]
     mbedtls_sha256_update_ret(&context, input, strlen(input));
                                         ^~~~~
In file included from ../../../base/startup/syspara_lite/frameworks/parameter/src/parameter_common.c:22:0:
../../../third_party/mbedtls/include/mbedtls/sha256.h:148:5: note: expected 'const unsigned char *' but argument is of type 'const char *'
 int mbedtls_sha256_update_ret( mbedtls_sha256_context *ctx,
     ^~~~~~~~~~~~~~~~~~~~~~~~~
[200/341] gcc cross compiler obj/third_party/cJSON/libcjson_static.cJSON_Utils.o
[201/341] gcc cross compiler obj/device/hisilicon/hispark_pegasus/hi3861_adapter/hals/communication/wifi_lite/wifiservice/source/libwifiservice.wifi_device_util.o
[202/341] gcc cross compiler obj/device/hisilicon/hispark_pegasus/hi3861_adapter/hals/utils/file/src/libhal_file_static.hal_file.o
[203/341] gcc cross compiler obj/device/hisilicon/hispark_pegasus/hi3861_adapter/kal/posix/src/libposix.time.o
[204/341] gcc cross compiler obj/device/hisilicon/hispark_pegasus/hi3861_adapter/kal/posix/src/libposix.pthread_attr.o
[205/341] gcc cross compiler obj/foundation/communication/softbus_lite/trans_service/source/utils/libtrans_service.message.o
[206/341] gcc cross compiler obj/foundation/communication/softbus_lite/trans_service/source/libdistbus/libtrans_service.trans_lock.o
[207/341] gcc cross compiler obj/device/hisilicon/hispark_pegasus/hi3861_adapter/kal/posix/src/libposix.pthread.o
[208/341] gcc cross compiler obj/base/security/huks/services/huks_standard/huks_service/main/os_dependency/idl/passthrough/libhuks_3.0_sdk.hks_passthrough_access.o
../../../base/security/huks/services/huks_standard/huks_service/main/os_dependency/idl/passthrough/hks_passthrough_access.c: In function 'HksAccessProcessInit':
../../../base/security/huks/services/huks_standard/huks_service/main/os_dependency/idl/passthrough/hks_passthrough_access.c:96:39: warning: unused parameter 'msgId' [-Wunused-parameter]
 int32_t HksAccessProcessInit(uint32_t msgId, const struct HksBlob *key, const struct HksParamSet *paramSet,
                                       ^~~~~
../../../base/security/huks/services/huks_standard/huks_service/main/os_dependency/idl/passthrough/hks_passthrough_access.c:96:68: warning: unused parameter 'key' [-Wunused-parameter]
 int32_t HksAccessProcessInit(uint32_t msgId, const struct HksBlob *key, const struct HksParamSet *paramSet,
                                                                    ^~~
../../../base/security/huks/services/huks_standard/huks_service/main/os_dependency/idl/passthrough/hks_passthrough_access.c:96:99: warning: unused parameter 'paramSet' [-Wunused-parameter]
 int32_t HksAccessProcessInit(uint32_t msgId, const struct HksBlob *key, const struct HksParamSet *paramSet,
                                                                                                   ^~~~~~~~
../../../base/security/huks/services/huks_standard/huks_service/main/os_dependency/idl/passthrough/hks_passthrough_access.c:97:15: warning: unused parameter 'operationHandle' [-Wunused-parameter]
     uint64_t *operationHandle)
               ^~~~~~~~~~~~~~~
../../../base/security/huks/services/huks_standard/huks_service/main/os_dependency/idl/passthrough/hks_passthrough_access.c: In function 'HksAccessProcessMultiUpdate':
../../../base/security/huks/services/huks_standard/huks_service/main/os_dependency/idl/passthrough/hks_passthrough_access.c:102:46: warning: unused parameter 'msgId' [-Wunused-parameter]
 int32_t HksAccessProcessMultiUpdate(uint32_t msgId, uint64_t operationHandle, const struct HksBlob *inData,
                                              ^~~~~
../../../base/security/huks/services/huks_standard/huks_service/main/os_dependency/idl/passthrough/hks_passthrough_access.c:102:62: warning: unused parameter 'operationHandle' [-Wunused-parameter]
 int32_t HksAccessProcessMultiUpdate(uint32_t msgId, uint64_t operationHandle, const struct HksBlob *inData,
                                                              ^~~~~~~~~~~~~~~
../../../base/security/huks/services/huks_standard/huks_service/main/os_dependency/idl/passthrough/hks_passthrough_access.c:102:101: warning: unused parameter 'inData' [-Wunused-parameter]
 int32_t HksAccessProcessMultiUpdate(uint32_t msgId, uint64_t operationHandle, const struct HksBlob *inData,
                                                                                                     ^~~~~~
../../../base/security/huks/services/huks_standard/huks_service/main/os_dependency/idl/passthrough/hks_passthrough_access.c:103:21: warning: unused parameter 'outData' [-Wunused-parameter]
     struct HksBlob *outData)
                     ^~~~~~~
../../../base/security/huks/services/huks_standard/huks_service/main/os_dependency/idl/passthrough/hks_passthrough_access.c: In function 'HksAccessProcessFinal':
../../../base/security/huks/services/huks_standard/huks_service/main/os_dependency/idl/passthrough/hks_passthrough_access.c:108:40: warning: unused parameter 'msgId' [-Wunused-parameter]
 int32_t HksAccessProcessFinal(uint32_t msgId, uint64_t operationHandle, const struct HksBlob *inData,
                                        ^~~~~
../../../base/security/huks/services/huks_standard/huks_service/main/os_dependency/idl/passthrough/hks_passthrough_access.c:108:56: warning: unused parameter 'operationHandle' [-Wunused-parameter]
 int32_t HksAccessProcessFinal(uint32_t msgId, uint64_t operationHandle, const struct HksBlob *inData,
                                                        ^~~~~~~~~~~~~~~
../../../base/security/huks/services/huks_standard/huks_service/main/os_dependency/idl/passthrough/hks_passthrough_access.c:108:95: warning: unused parameter 'inData' [-Wunused-parameter]
 int32_t HksAccessProcessFinal(uint32_t msgId, uint64_t operationHandle, const struct HksBlob *inData,
                                                                                               ^~~~~~
../../../base/security/huks/services/huks_standard/huks_service/main/os_dependency/idl/passthrough/hks_passthrough_access.c:109:21: warning: unused parameter 'outData' [-Wunused-parameter]
     struct HksBlob *outData)
                     ^~~~~~~
[209/341] gcc cross compiler obj/foundation/communication/softbus_lite/trans_service/source/libdistbus/libtrans_service.tcp_session.o
[210/341] gcc cross compiler obj/device/hisilicon/hispark_pegasus/hi3861_adapter/hals/update/libhal_update_static.hal_hota_board.o
In file included from ../../../device/hisilicon/hispark_pegasus/hi3861_adapter/hals/update/hal_hota_board.c:16:0:
../../../base/update/ota_lite/hals/hal_hota_board.h:111:1: warning: function declaration isn't a prototype [-Wstrict-prototypes]
 const ComponentTableInfo *HotaHalGetPartitionInfo();
 ^~~~~
../../../device/hisilicon/hispark_pegasus/hi3861_adapter/hals/update/hal_hota_board.c:148:27: warning: function declaration isn't a prototype [-Wstrict-prototypes]
 const ComponentTableInfo *HotaHalGetPartitionInfo()
                           ^~~~~~~~~~~~~~~~~~~~~~~
../../../device/hisilicon/hispark_pegasus/hi3861_adapter/hals/update/hal_hota_board.c: In function 'HotaHalGetOtaPkgPath':
../../../device/hisilicon/hispark_pegasus/hi3861_adapter/hals/update/hal_hota_board.c:172:15: warning: implicit declaration of function 'strcpy_s' [-Wimplicit-function-declaration]
     int ret = strcpy_s(path, len ,"/sdcard");
               ^~~~~~~~
../../../device/hisilicon/hispark_pegasus/hi3861_adapter/hals/update/hal_hota_board.c: In function 'HotaHalGetMetaData':
../../../device/hisilicon/hispark_pegasus/hi3861_adapter/hals/update/hal_hota_board.c:184:40: warning: unused parameter 'metaData' [-Wunused-parameter]
 int HotaHalGetMetaData(UpdateMetaData *metaData)
                                        ^~~~~~~~
../../../device/hisilicon/hispark_pegasus/hi3861_adapter/hals/update/hal_hota_board.c: In function 'HotaHalSetMetaData':
../../../device/hisilicon/hispark_pegasus/hi3861_adapter/hals/update/hal_hota_board.c:189:40: warning: unused parameter 'metaData' [-Wunused-parameter]
 int HotaHalSetMetaData(UpdateMetaData *metaData)
                                        ^~~~~~~~
../../../device/hisilicon/hispark_pegasus/hi3861_adapter/hals/update/hal_hota_board.c: In function 'HotaHalCheckVersionValid':
../../../device/hisilicon/hispark_pegasus/hi3861_adapter/hals/update/hal_hota_board.c:206:13: warning: implicit declaration of function 'strncmp' [-Wimplicit-function-declaration]
     return (strncmp(currentVersion, pkgVersion, pkgVersionLength) == 0) ? 1 : 0;
             ^~~~~~~
[211/341] gcc cross compiler obj/device/hisilicon/hispark_pegasus/hi3861_adapter/kal/posix/src/libposix.file.o
[212/341] STAMP obj/prebuilts/lite/sysroot/sysroot.stamp
[213/341] gcc cross compiler obj/device/hisilicon/hispark_pegasus/hi3861_adapter/hals/communication/wifi_lite/wifiservice/source/libwifiservice.wifi_hotspot.o
../../../device/hisilicon/hispark_pegasus/hi3861_adapter/hals/communication/wifi_lite/wifiservice/source/wifi_hotspot.c: In function 'GetPeerSTAWifiIp':
../../../device/hisilicon/hispark_pegasus/hi3861_adapter/hals/communication/wifi_lite/wifiservice/source/wifi_hotspot.c:236:52: warning: passing argument 2 of 'netifapi_dhcps_get_client_ip' discards 'const' qualifier from pointer target type [-Wdiscarded-qualifiers]
     ret = netifapi_dhcps_get_client_ip(netif_node, macAddress, macLen, &clientIP);
                                                    ^~~~~~~~~~
In file included from ../../../device/hisilicon/hispark_pegasus/hi3861_adapter/hals/communication/wifi_lite/wifiservice/source/wifi_hotspot.c:19:0:
../../../device/hisilicon/hispark_pegasus/sdk_liteos/third_party/lwip_sack/include/lwip/netifapi.h:1155:7: note: expected 'u8_t * {aka unsigned char *}' but argument is of type 'const unsigned char *'
 err_t netifapi_dhcps_get_client_ip(struct netif *netif, u8_t *mac, u8_t maclen, ip_addr_t *ip);
       ^~~~~~~~~~~~~~~~~~~~~~~~~~~~
../../../device/hisilicon/hispark_pegasus/hi3861_adapter/hals/communication/wifi_lite/wifiservice/source/wifi_hotspot.c:236:72: warning: passing argument 4 of 'netifapi_dhcps_get_client_ip' from incompatible pointer type [-Wincompatible-pointer-types]
     ret = netifapi_dhcps_get_client_ip(netif_node, macAddress, macLen, &clientIP);
                                                                        ^
In file included from ../../../device/hisilicon/hispark_pegasus/hi3861_adapter/hals/communication/wifi_lite/wifiservice/source/wifi_hotspot.c:19:0:
../../../device/hisilicon/hispark_pegasus/sdk_liteos/third_party/lwip_sack/include/lwip/netifapi.h:1155:7: note: expected 'ip_addr_t * {aka struct ip_addr *}' but argument is of type 'ip4_addr_t * {aka struct ip4_addr *}'
 err_t netifapi_dhcps_get_client_ip(struct netif *netif, u8_t *mac, u8_t maclen, ip_addr_t *ip);
       ^~~~~~~~~~~~~~~~~~~~~~~~~~~~
[214/341] gcc cross compiler obj/foundation/communication/softbus_lite/discovery/discovery_service/source/libdiscovery.common_info_manager.o
[215/341] gcc cross compiler obj/foundation/communication/softbus_lite/trans_service/source/utils/libtrans_service.aes_gcm.o
[216/341] STAMP obj/build/lite/prebuilts.stamp
[217/341] gcc cross compiler obj/base/update/ota_lite/frameworks/source/updater/libhota.hota_updater.o
In file included from ../../../base/update/ota_lite/frameworks/source/updater/hota_updater.c:23:0:
../../../base/update/ota_lite/hals/hal_hota_board.h:111:1: warning: function declaration isn't a prototype [-Wstrict-prototypes]
 const ComponentTableInfo *HotaHalGetPartitionInfo();
 ^~~~~
../../../base/update/ota_lite/frameworks/source/updater/hota_updater.c: In function 'GetCurrentDloadCompPartition':
../../../base/update/ota_lite/frameworks/source/updater/hota_updater.c:447:21: warning: pointer targets in passing argument 1 of 'strncmp' differ in signedness [-Wpointer-sign]
         if (strncmp((unsigned char *)(g_otaComponents[i].componentName),
                     ^
In file included from ../../../device/hisilicon/hispark_pegasus/sdk_liteos/platform/os/Huawei_LiteOS/components/lib/libsec/include/securectype.h:302:0,
                 from ../../../device/hisilicon/hispark_pegasus/sdk_liteos/platform/os/Huawei_LiteOS/components/lib/libsec/include/securec.h:15,
                 from ../../../base/update/ota_lite/frameworks/source/updater/hota_updater.c:21:
../../../device/hisilicon/hispark_pegasus/sdk_liteos/platform/os/Huawei_LiteOS/components/lib/libc/musl/include/string.h:280:5: note: expected 'const char *' but argument is of type 'unsigned char *'
 int strncmp (const char *, const char *, size_t);
     ^~~~~~~
../../../base/update/ota_lite/frameworks/source/updater/hota_updater.c:448:13: warning: pointer targets in passing argument 2 of 'strncmp' differ in signedness [-Wpointer-sign]
             g_componentInfos.table[g_currentDloadComp.index - 1].addr,
             ^~~~~~~~~~~~~~~~
In file included from ../../../device/hisilicon/hispark_pegasus/sdk_liteos/platform/os/Huawei_LiteOS/components/lib/libsec/include/securectype.h:302:0,
                 from ../../../device/hisilicon/hispark_pegasus/sdk_liteos/platform/os/Huawei_LiteOS/components/lib/libsec/include/securec.h:15,
                 from ../../../base/update/ota_lite/frameworks/source/updater/hota_updater.c:21:
../../../device/hisilicon/hispark_pegasus/sdk_liteos/platform/os/Huawei_LiteOS/components/lib/libc/musl/include/string.h:280:5: note: expected 'const char *' but argument is of type 'unsigned char *'
 int strncmp (const char *, const char *, size_t);
     ^~~~~~~
../../../base/update/ota_lite/frameworks/source/updater/hota_updater.c: In function 'HotaInit':
../../../base/update/ota_lite/frameworks/source/updater/hota_updater.c:598:21: warning: assignment discards 'const' qualifier from pointer target type [-Wdiscarded-qualifiers]
     g_otaComponents = HotaHalGetPartitionInfo();
                     ^
[218/341] gcc cross compiler obj/foundation/communication/softbus_lite/authmanager/source/libauthmanager.msg_get_deviceid.o
[219/341] gcc cross compiler obj/foundation/communication/softbus_lite/trans_service/source/utils/libtrans_service.tcp_socket.o
[220/341] gcc cross compiler obj/foundation/communication/softbus_lite/trans_service/source/libdistbus/libtrans_service.auth_conn_manager.o
[221/341] gcc cross compiler obj/foundation/distributedschedule/samgr_lite/samgr/source/libsamgr_source.iunknown.o
[222/341] gcc cross compiler obj/foundation/communication/softbus_lite/authmanager/source/libauthmanager.bus_manager.o
[223/341] COPY ../../../foundation/distributedschedule/samgr_lite/config/system_capability.json obj/foundation/distributedschedule/samgr_lite/config/system_capability.json
[224/341] AR libs/libbootstrap.a
[225/341] AR libs/libhiview_lite.a
[226/341] gcc cross compiler obj/utils/native/lite/file/src/file_impl_hal/libnative_file.file.o
[227/341] gcc cross compiler obj/foundation/communication/softbus_lite/discovery/coap/source/libdiscovery.coap_adapter.o
[228/341] AR libs/libhal_wifiaware.a
[229/341] gcc cross compiler obj/foundation/communication/softbus_lite/os_adapter/source/L0/libdiscovery.os_adapter.o
[230/341] gcc cross compiler obj/device/hisilicon/hispark_pegasus/hi3861_adapter/kal/cmsis/libcmsis.cmsis_liteos.o
[231/341] AR libs/libhal_iothardware.a
[232/341] gcc cross compiler obj/foundation/distributedschedule/samgr_lite/samgr/source/libsamgr_source.feature.o
[233/341] AR libs/libhuks_3.0_sdk.a
[234/341] AR libs/libhal_file_static.a
[235/341] STAMP obj/foundation/distributedschedule/samgr_lite/ConfigFiles.stamp
[236/341] AR libs/libhal_update_static.a
[237/341] gcc cross compiler obj/foundation/distributedschedule/samgr_lite/samgr/source/libsamgr_source.common.o
[238/341] gcc cross compiler obj/foundation/communication/softbus_lite/discovery/coap/source/libdiscovery.nstackx_common.o
[239/341] gcc cross compiler obj/foundation/communication/softbus_lite/discovery/discovery_service/source/libdiscovery.discovery_service.o
[240/341] gcc cross compiler obj/foundation/communication/softbus_lite/authmanager/source/libauthmanager.auth_conn.o
[241/341] AR libs/libposix.a
[242/341] gcc cross compiler obj/device/hisilicon/hispark_pegasus/hi3861_adapter/hals/communication/wifi_lite/wifiservice/source/libwifiservice.wifi_device.o
../../../device/hisilicon/hispark_pegasus/hi3861_adapter/hals/communication/wifi_lite/wifiservice/source/wifi_device.c:41:5: warning: braces around scalar initializer
     {0}, {0}, {0}, 0, WIFI_CONFIG_INVALID, 0, 0, UNKNOWN, {0, 0, {0, 0}, 0}
     ^
../../../device/hisilicon/hispark_pegasus/hi3861_adapter/hals/communication/wifi_lite/wifiservice/source/wifi_device.c:41:5: note: (near initialization for 'g_wifiConfigs[3].ssid[5]')
../../../device/hisilicon/hispark_pegasus/hi3861_adapter/hals/communication/wifi_lite/wifiservice/source/wifi_device.c:41:63: warning: excess elements in scalar initializer
     {0}, {0}, {0}, 0, WIFI_CONFIG_INVALID, 0, 0, UNKNOWN, {0, 0, {0, 0}, 0}
                                                               ^
../../../device/hisilicon/hispark_pegasus/hi3861_adapter/hals/communication/wifi_lite/wifiservice/source/wifi_device.c:41:63: note: (near initialization for 'g_wifiConfigs[3].ssid[5]')
../../../device/hisilicon/hispark_pegasus/hi3861_adapter/hals/communication/wifi_lite/wifiservice/source/wifi_device.c:41:5: warning: braces around scalar initializer
     {0}, {0}, {0}, 0, WIFI_CONFIG_INVALID, 0, 0, UNKNOWN, {0, 0, {0, 0}, 0}
     ^
../../../device/hisilicon/hispark_pegasus/hi3861_adapter/hals/communication/wifi_lite/wifiservice/source/wifi_device.c:41:5: note: (near initialization for 'g_wifiConfigs[3].ssid[5]')
../../../device/hisilicon/hispark_pegasus/hi3861_adapter/hals/communication/wifi_lite/wifiservice/source/wifi_device.c:41:70: warning: excess elements in scalar initializer
     {0}, {0}, {0}, 0, WIFI_CONFIG_INVALID, 0, 0, UNKNOWN, {0, 0, {0, 0}, 0}
                                                                      ^
../../../device/hisilicon/hispark_pegasus/hi3861_adapter/hals/communication/wifi_lite/wifiservice/source/wifi_device.c:41:70: note: (near initialization for 'g_wifiConfigs[3].ssid[5]')
../../../device/hisilicon/hispark_pegasus/hi3861_adapter/hals/communication/wifi_lite/wifiservice/source/wifi_device.c:41:66: warning: excess elements in scalar initializer
     {0}, {0}, {0}, 0, WIFI_CONFIG_INVALID, 0, 0, UNKNOWN, {0, 0, {0, 0}, 0}
                                                                  ^
../../../device/hisilicon/hispark_pegasus/hi3861_adapter/hals/communication/wifi_lite/wifiservice/source/wifi_device.c:41:66: note: (near initialization for 'g_wifiConfigs[3].ssid[5]')
../../../device/hisilicon/hispark_pegasus/hi3861_adapter/hals/communication/wifi_lite/wifiservice/source/wifi_device.c:41:74: warning: excess elements in scalar initializer
     {0}, {0}, {0}, 0, WIFI_CONFIG_INVALID, 0, 0, UNKNOWN, {0, 0, {0, 0}, 0}
                                                                          ^
../../../device/hisilicon/hispark_pegasus/hi3861_adapter/hals/communication/wifi_lite/wifiservice/source/wifi_device.c:41:74: note: (near initialization for 'g_wifiConfigs[3].ssid[5]')
../../../device/hisilicon/hispark_pegasus/hi3861_adapter/hals/communication/wifi_lite/wifiservice/source/wifi_device.c:42:1: warning: missing initializer for field 'bssid' of 'WifiDeviceConfig {aka struct WifiDeviceConfig}' [-Wmissing-field-initializers]
 };
 ^
In file included from ../../../foundation/communication/wifi_lite/interfaces/wifiservice/wifi_linked_info.h:38:0,
                 from ../../../foundation/communication/wifi_lite/interfaces/wifiservice/wifi_event.h:40,
                 from ../../../foundation/communication/wifi_lite/interfaces/wifiservice/wifi_device.h:39,
                 from ../../../device/hisilicon/hispark_pegasus/hi3861_adapter/hals/communication/wifi_lite/wifiservice/source/wifi_device.c:16:
../../../foundation/communication/wifi_lite/interfaces/wifiservice/wifi_device_config.h:163:19: note: 'bssid' declared here
     unsigned char bssid[WIFI_MAC_LEN];
                   ^~~~~
../../../device/hisilicon/hispark_pegasus/hi3861_adapter/hals/communication/wifi_lite/wifiservice/source/wifi_device.c:40:63: warning: missing braces around initializer [-Wmissing-braces]
 static WifiDeviceConfig g_wifiConfigs[WIFI_MAX_CONFIG_SIZE] = {
                                                               ^
     {0}, {0}, {0}, 0, WIFI_CONFIG_INVALID, 0, 0, UNKNOWN, {0, 0, {0, 0}, 0}
      {}   {}   {}  {
                    {
 };
 }
 }
../../../device/hisilicon/hispark_pegasus/hi3861_adapter/hals/communication/wifi_lite/wifiservice/source/wifi_device.c: In function 'StaSetLocaladdr':
../../../device/hisilicon/hispark_pegasus/hi3861_adapter/hals/communication/wifi_lite/wifiservice/source/wifi_device.c:165:29: warning: passing argument 1 of 'netifapi_netif_set_addr' discards 'const' qualifier from pointer target type [-Wdiscarded-qualifiers]
     netifapi_netif_set_addr(netif, &st_ipaddr, &st_netmask, &st_gw);
                             ^~~~~
In file included from ../../../device/hisilicon/hispark_pegasus/hi3861_adapter/hals/communication/wifi_lite/wifiservice/source/wifi_device.c:23:0:
../../../device/hisilicon/hispark_pegasus/sdk_liteos/third_party/lwip_sack/include/lwip/netifapi.h:402:7: note: expected 'struct netif *' but argument is of type 'const struct netif *'
 err_t netifapi_netif_set_addr(struct netif *netif,
       ^~~~~~~~~~~~~~~~~~~~~~~
../../../device/hisilicon/hispark_pegasus/hi3861_adapter/hals/communication/wifi_lite/wifiservice/source/wifi_device.c: In function 'StaSetDNSServer':
../../../device/hisilicon/hispark_pegasus/hi3861_adapter/hals/communication/wifi_lite/wifiservice/source/wifi_device.c:178:9: warning: implicit declaration of function 'lwip_dns_setserver'; did you mean 'nd_ns_reserved'? [-Wimplicit-function-declaration]
         lwip_dns_setserver(i, &tmp_dns_ser[i]);
         ^~~~~~~~~~~~~~~~~~
         nd_ns_reserved
../../../device/hisilicon/hispark_pegasus/hi3861_adapter/hals/communication/wifi_lite/wifiservice/source/wifi_device.c: In function 'GetLinkedInfo':
../../../device/hisilicon/hispark_pegasus/hi3861_adapter/hals/communication/wifi_lite/wifiservice/source/wifi_device.c:899:24: warning: pointer targets in passing argument 1 of 'GetLocalWifiIp' differ in signedness [-Wpointer-sign]
     if (GetLocalWifiIp(&(result->ipAddress)) != EOK) {
                        ^
../../../device/hisilicon/hispark_pegasus/hi3861_adapter/hals/communication/wifi_lite/wifiservice/source/wifi_device.c:847:12: note: expected 'int * const' but argument is of type 'unsigned int *'
 static int GetLocalWifiIp(int * const ip)
            ^~~~~~~~~~~~~~
[243/341] gcc cross compiler obj/foundation/communication/softbus_lite/authmanager/source/libauthmanager.auth_interface.o
[244/341] AR libs/libhilog_lite.a
[245/341] AR libs/libcmsis.a
[246/341] gcc cross compiler obj/foundation/communication/softbus_lite/discovery/coap/source/libdiscovery.coap_socket.o
[247/341] STAMP obj/base/iot_hardware/peripheral/iothardware.stamp
[248/341] STAMP obj/base/iot_hardware/peripheral/iothardware_ndk.stamp
[249/341] gcc cross compiler obj/foundation/communication/softbus_lite/authmanager/source/libauthmanager.wifi_auth_manager.o
[250/341] gcc cross compiler obj/foundation/distributedschedule/samgr_lite/communication/broadcast/source/libbroadcast.broadcast_service.o
[251/341] gcc cross compiler obj/foundation/distributedschedule/samgr_lite/samgr/source/libsamgr_source.task_manager.o
[252/341] AR libs/libhichainsdk.a
[253/341] STAMP obj/base/security/huks/frameworks/huks_lite/huks_sdk.stamp
[254/341] gcc cross compiler obj/foundation/communication/softbus_lite/discovery/coap/source/libdiscovery.json_payload.o
[255/341] gcc cross compiler obj/foundation/distributedschedule/samgr_lite/samgr/registry/libsamgr.service_registry.o
[256/341] gcc cross compiler obj/foundation/distributedschedule/samgr_lite/samgr/source/libsamgr_source.service.o
[257/341] gcc cross compiler obj/foundation/communication/softbus_lite/discovery/discovery_service/source/libdiscovery.coap_service.o
[258/341] gcc cross compiler obj/foundation/distributedschedule/samgr_lite/samgr/source/libsamgr_source.message.o
[259/341] AR libs/libnative_file.a
[260/341] gcc cross compiler obj/foundation/communication/softbus_lite/discovery/coap/source/libdiscovery.nstackx_device.o
[261/341] gcc cross compiler obj/foundation/distributedschedule/samgr_lite/samgr/adapter/cmsis/libsamgr_adapter.memory_adapter.o
[262/341] gcc cross compiler obj/foundation/distributedschedule/samgr_lite/samgr/adapter/cmsis/libsamgr_adapter.queue_adapter.o
[263/341] gcc cross compiler obj/vendor/hisilicon/hispark_pegasus/hals/utils/token/libhal_token_static.hal_token.o
[264/341] gcc cross compiler obj/third_party/cJSON/libcjson_static.cJSON.o
[265/341] STAMP obj/vendor/hisilicon/hispark_pegasus/hispark_pegasus.stamp
[266/341] AR libs/libwifiservice.a
[267/341] gcc cross compiler obj/foundation/distributedschedule/samgr_lite/communication/broadcast/source/libbroadcast.pub_sub_implement.o
[268/341] STAMP obj/base/hiviewdfx/hilog_lite/frameworks/mini/hilog_lite_ndk.stamp
[269/341] gcc cross compiler obj/foundation/communication/softbus_lite/discovery/coap/source/libdiscovery.coap_discover.o
[270/341] STAMP obj/device/hisilicon/hispark_pegasus/hi3861_adapter/kal/kal.stamp
[271/341] gcc cross compiler obj/third_party/paho.mqtt.embedded-c/MQTTPacket/src/libtemplate.MQTTSerializePublish.o
[272/341] AR libs/libauthmanager.a
[273/341] gcc cross compiler obj/foundation/distributedschedule/samgr_lite/communication/broadcast/source/libbroadcast.pub_sub_feature.o
[274/341] gcc cross compiler obj/third_party/paho.mqtt.embedded-c/MQTTPacket/src/libtemplate.MQTTUnsubscribeClient.o
[275/341] gcc cross compiler obj/foundation/distributedschedule/samgr_lite/samgr/adapter/cmsis/libsamgr_adapter.time_adapter.o
[276/341] gcc cross compiler obj/foundation/distributedschedule/samgr_lite/samgr/adapter/cmsis/libsamgr_adapter.thread_adapter.o
[277/341] gcc cross compiler obj/foundation/communication/softbus_lite/trans_service/source/libdistbus/libtrans_service.tcp_session_manager.o
[278/341] gcc cross compiler obj/foundation/communication/wifi_aware/frameworks/source/libwifiaware.wifiaware.o
[279/341] STAMP obj/base/security/deviceauth/frameworks/deviceauth_lite/hichainsdk.stamp
[280/341] gcc cross compiler obj/foundation/distributedschedule/samgr_lite/samgr/source/libsamgr.samgr_lite.o
[281/341] gcc cross compiler obj/vendor/pzkj/pz_hi3861/common/bsp/src/libtemplate.bsp_led.o
[282/341] STAMP obj/utils/native/lite/file/file.stamp
[283/341] AR libs/libhal_token_static.a
[284/341] AR libs/libcjson_static.a
[285/341] STAMP obj/build/lite/product.stamp
[286/341] gcc cross compiler obj/vendor/hisilicon/hispark_pegasus/hals/utils/sys_param/libhal_sysparam.hal_sys_param.o
../../../vendor/hisilicon/hispark_pegasus/hals/utils/sys_param/hal_sys_param.c:33:19: warning: 'EMPTY_STR' defined but not used [-Wunused-const-variable=]
 static const char EMPTY_STR[] = {""};
                   ^~~~~~~~~
[287/341] STAMP obj/device/hisilicon/hispark_pegasus/hi3861_adapter/hals/communication/wifi_lite/wifiservice/wifiservice_ndk.stamp
[288/341] STAMP obj/foundation/communication/wifi_lite/wifi.stamp
[289/341] gcc cross compiler obj/utils/native/lite/kv_store/src/kvstore_impl_hal/libutils_kv_store.kv_store.o
[290/341] gcc cross compiler obj/utils/native/lite/kv_store/src/kvstore_common/libutils_kv_store.kvstore_common.o
[291/341] AR libs/libdiscovery.a
[292/341] AR libs/libbroadcast.a
[293/341] AR libs/libsamgr_adapter.a
[294/341] AR libs/libtrans_service.a
[295/341] AR libs/libwifiaware.a
[296/341] gcc cross compiler obj/third_party/paho.mqtt.embedded-c/MQTTPacket/src/libtemplate.MQTTConnectServer.o
[297/341] AR libs/libtoken_static.a
[298/341] STAMP obj/build/lite/config/component/cJSON/cjson_ndk.stamp
[299/341] STAMP obj/device/hisilicon/hispark_pegasus/sdk_liteos/sdk.stamp
[300/341] AR libs/libhal_sysparam.a
[301/341] AR libs/libutils_kv_store.a
[302/341] STAMP obj/foundation/communication/softbus_lite/discovery_ndk.stamp
[303/341] AR libs/libsamgr_source.a
[304/341] STAMP obj/foundation/communication/softbus_lite/softbus.stamp
[305/341] STAMP obj/foundation/communication/softbus_lite/trans_service_ndk.stamp
[306/341] STAMP obj/base/startup/syspara_lite/frameworks/token/token.stamp
[307/341] gcc cross compiler obj/third_party/paho.mqtt.embedded-c/MQTTPacket/src/libtemplate.MQTTFormat.o
[308/341] STAMP obj/device/hisilicon/hispark_pegasus/sdk_liteos/wifiiot_sdk.stamp
[309/341] gcc cross compiler obj/third_party/paho.mqtt.embedded-c/MQTTPacket/src/libtemplate.MQTTPacket.o
[310/341] AR libs/libsysparam.a
[311/341] STAMP obj/utils/native/lite/native_api.stamp
[312/341] STAMP obj/utils/native/lite/kv_store/kv_store.stamp
[313/341] AR libs/libsamgr.a
[314/341] STAMP obj/foundation/communication/softbus_lite/softbus_lite_ndk.stamp
[315/341] STAMP obj/base/startup/syspara_lite/frameworks/parameter/parameter.stamp
[316/341] STAMP obj/base/startup/syspara_lite/frameworks/parameter/parameter_notes.stamp
[317/341] gcc cross compiler obj/third_party/paho.mqtt.embedded-c/MQTTPacket/src/libtemplate.MQTTSubscribeClient.o
../../../third_party/paho.mqtt.embedded-c/MQTTPacket/src/MQTTSubscribeClient.c: In function 'MQTTDeserialize_suback':
../../../third_party/paho.mqtt.embedded-c/MQTTPacket/src/MQTTSubscribeClient.c:100:123: warning: unused parameter 'buflen' [-Wunused-parameter]
 int MQTTDeserialize_suback(unsigned short* packetid, int maxcount, int* count, int grantedQoSs[], unsigned char* buf, int buflen)
                                                                                                                           ^~~~~~
[318/341] gcc cross compiler obj/third_party/paho.mqtt.embedded-c/MQTTPacket/src/libtemplate.MQTTConnectClient.o
../../../third_party/paho.mqtt.embedded-c/MQTTPacket/src/MQTTConnectClient.c: In function 'MQTTDeserialize_connack':
../../../third_party/paho.mqtt.embedded-c/MQTTPacket/src/MQTTConnectClient.c:132:111: warning: unused parameter 'buflen' [-Wunused-parameter]
 int MQTTDeserialize_connack(unsigned char* sessionPresent, unsigned char* connack_rc, unsigned char* buf, int buflen)
                                                                                                               ^~~~~~
[319/341] STAMP obj/foundation/distributedschedule/samgr_lite/samgr.stamp
[320/341] STAMP obj/foundation/distributedschedule/samgr_lite/samgr_lite_ndk.stamp
[321/341] AR libs/libhota.a
[322/341] gcc cross compiler obj/third_party/paho.mqtt.embedded-c/MQTTPacket/src/libtemplate.MQTTSubscribeServer.o
../../../third_party/paho.mqtt.embedded-c/MQTTPacket/src/MQTTSubscribeServer.c: In function 'MQTTDeserialize_subscribe':
../../../third_party/paho.mqtt.embedded-c/MQTTPacket/src/MQTTSubscribeServer.c:35:81: warning: unused parameter 'maxcount' [-Wunused-parameter]
 int MQTTDeserialize_subscribe(unsigned char* dup, unsigned short* packetid, int maxcount, int* count, MQTTString topicFilters[],
                                                                                 ^~~~~~~~
../../../third_party/paho.mqtt.embedded-c/MQTTPacket/src/MQTTSubscribeServer.c:36:47: warning: unused parameter 'buflen' [-Wunused-parameter]
  int requestedQoSs[], unsigned char* buf, int buflen)
                                               ^~~~~~
[323/341] gcc cross compiler obj/third_party/paho.mqtt.embedded-c/MQTTPacket/src/libtemplate.MQTTUnsubscribeServer.o
../../../third_party/paho.mqtt.embedded-c/MQTTPacket/src/MQTTUnsubscribeServer.c: In function 'MQTTDeserialize_unsubscribe':
../../../third_party/paho.mqtt.embedded-c/MQTTPacket/src/MQTTUnsubscribeServer.c:34:83: warning: unused parameter 'maxcount' [-Wunused-parameter]
 int MQTTDeserialize_unsubscribe(unsigned char* dup, unsigned short* packetid, int maxcount, int* count, MQTTString topicFilters[],
                                                                                   ^~~~~~~~
../../../third_party/paho.mqtt.embedded-c/MQTTPacket/src/MQTTUnsubscribeServer.c:35:27: warning: unused parameter 'len' [-Wunused-parameter]
   unsigned char* buf, int len)
                           ^~~
[324/341] gcc cross compiler obj/vendor/pzkj/pz_hi3861/common/bsp/src/libtemplate.bsp_ds18b20.o
../../../vendor/pzkj/pz_hi3861/common/bsp/src/bsp_ds18b20.c: In function 'ds18b20_write_byte':
../../../vendor/pzkj/pz_hi3861/common/bsp/src/bsp_ds18b20.c:49:33: warning: unused parameter 'dat' [-Wunused-parameter]
 void ds18b20_write_byte(uint8_t dat){}
                                 ^~~
[325/341] STAMP obj/base/update/ota_lite/frameworks/ota_lite.stamp
[326/341] gcc cross compiler obj/third_party/paho.mqtt.embedded-c/MQTTPacket/src/libtemplate.MQTTDeserializePublish.o
../../../third_party/paho.mqtt.embedded-c/MQTTPacket/src/MQTTDeserializePublish.c: In function 'MQTTDeserialize_publish':
../../../third_party/paho.mqtt.embedded-c/MQTTPacket/src/MQTTDeserializePublish.c:37:69: warning: unused parameter 'buflen' [-Wunused-parameter]
   unsigned char** payload, int* payloadlen, unsigned char* buf, int buflen)
                                                                     ^~~~~~
../../../third_party/paho.mqtt.embedded-c/MQTTPacket/src/MQTTDeserializePublish.c: In function 'MQTTDeserialize_ack':
../../../third_party/paho.mqtt.embedded-c/MQTTPacket/src/MQTTDeserializePublish.c:82:122: warning: unused parameter 'buflen' [-Wunused-parameter]
 int MQTTDeserialize_ack(unsigned char* packettype, unsigned char* dup, unsigned short* packetid, unsigned char* buf, int buflen)
                                                                                                                          ^~~~~~
[327/341] gcc cross compiler obj/utils/native/lite/os_dump/libdump_static.dump_syspara.o
In file included from ../../../utils/native/lite/os_dump/dump_syspara.c:16:0:
../../../utils/native/lite/os_dump/dump_syspara.h:21:5: warning: function declaration isn't a prototype [-Wstrict-prototypes]
     char *(*getInfoValue)();
     ^~~~
../../../utils/native/lite/os_dump/dump_syspara.h:24:1: warning: function declaration isn't a prototype [-Wstrict-prototypes]
 int QuerySysparaCmd();
 ^~~
../../../utils/native/lite/os_dump/dump_syspara.c:26:20: warning: function declaration isn't a prototype [-Wstrict-prototypes]
 static const char* GetSdkApiLevel()
                    ^~~~~~~~~~~~~~
../../../utils/native/lite/os_dump/dump_syspara.c: In function 'GetSdkApiLevel':
../../../utils/native/lite/os_dump/dump_syspara.c:30:5: warning: implicit declaration of function 'sprintf_s'; did you mean 'sprintf'? [-Wimplicit-function-declaration]
     sprintf_s(sdkApiVersion, API_VERSION_LEN, "%d", sdkApi);
     ^~~~~~~~~
     sprintf
../../../utils/native/lite/os_dump/dump_syspara.c: At top level:
../../../utils/native/lite/os_dump/dump_syspara.c:34:20: warning: function declaration isn't a prototype [-Wstrict-prototypes]
 static const char* GetFirstApiLevel()
                    ^~~~~~~~~~~~~~~~
../../../utils/native/lite/os_dump/dump_syspara.c:43:20: warning: initialization from incompatible pointer type [-Wincompatible-pointer-types]
     {"DeviceType", GetDeviceType},
                    ^~~~~~~~~~~~~
../../../utils/native/lite/os_dump/dump_syspara.c:43:20: note: (near initialization for 'SYSPARA_LIST[0].getInfoValue')
../../../utils/native/lite/os_dump/dump_syspara.c:44:21: warning: initialization from incompatible pointer type [-Wincompatible-pointer-types]
     {"Manufacture", GetManufacture},
                     ^~~~~~~~~~~~~~
../../../utils/native/lite/os_dump/dump_syspara.c:44:21: note: (near initialization for 'SYSPARA_LIST[1].getInfoValue')
../../../utils/native/lite/os_dump/dump_syspara.c:45:15: warning: initialization from incompatible pointer type [-Wincompatible-pointer-types]
     {"Brand", GetBrand},
               ^~~~~~~~
../../../utils/native/lite/os_dump/dump_syspara.c:45:15: note: (near initialization for 'SYSPARA_LIST[2].getInfoValue')
../../../utils/native/lite/os_dump/dump_syspara.c:46:20: warning: initialization from incompatible pointer type [-Wincompatible-pointer-types]
     {"MarketName", GetMarketName},
                    ^~~~~~~~~~~~~
../../../utils/native/lite/os_dump/dump_syspara.c:46:20: note: (near initialization for 'SYSPARA_LIST[3].getInfoValue')
../../../utils/native/lite/os_dump/dump_syspara.c:47:23: warning: initialization from incompatible pointer type [-Wincompatible-pointer-types]
     {"ProductSeries", GetProductSeries},
                       ^~~~~~~~~~~~~~~~
../../../utils/native/lite/os_dump/dump_syspara.c:47:23: note: (near initialization for 'SYSPARA_LIST[4].getInfoValue')
../../../utils/native/lite/os_dump/dump_syspara.c:48:22: warning: initialization from incompatible pointer type [-Wincompatible-pointer-types]
     {"ProductModel", GetProductModel},
                      ^~~~~~~~~~~~~~~
../../../utils/native/lite/os_dump/dump_syspara.c:48:22: note: (near initialization for 'SYSPARA_LIST[5].getInfoValue')
../../../utils/native/lite/os_dump/dump_syspara.c:49:23: warning: initialization from incompatible pointer type [-Wincompatible-pointer-types]
     {"SoftwareModel", GetSoftwareModel},
                       ^~~~~~~~~~~~~~~~
../../../utils/native/lite/os_dump/dump_syspara.c:49:23: note: (near initialization for 'SYSPARA_LIST[6].getInfoValue')
../../../utils/native/lite/os_dump/dump_syspara.c:50:23: warning: initialization from incompatible pointer type [-Wincompatible-pointer-types]
     {"HardwareModel", GetHardwareModel},
                       ^~~~~~~~~~~~~~~~
../../../utils/native/lite/os_dump/dump_syspara.c:50:23: note: (near initialization for 'SYSPARA_LIST[7].getInfoValue')
../../../utils/native/lite/os_dump/dump_syspara.c:51:16: warning: initialization from incompatible pointer type [-Wincompatible-pointer-types]
     {"Serial", GetSerial},
                ^~~~~~~~~
../../../utils/native/lite/os_dump/dump_syspara.c:51:16: note: (near initialization for 'SYSPARA_LIST[8].getInfoValue')
../../../utils/native/lite/os_dump/dump_syspara.c:52:20: warning: initialization from incompatible pointer type [-Wincompatible-pointer-types]
     {"OSFullName", GetOSFullName},
                    ^~~~~~~~~~~~~
../../../utils/native/lite/os_dump/dump_syspara.c:52:20: note: (near initialization for 'SYSPARA_LIST[9].getInfoValue')
../../../utils/native/lite/os_dump/dump_syspara.c:53:24: warning: initialization from incompatible pointer type [-Wincompatible-pointer-types]
     {"DisplayVersion", GetDisplayVersion},
                        ^~~~~~~~~~~~~~~~~
../../../utils/native/lite/os_dump/dump_syspara.c:53:24: note: (near initialization for 'SYSPARA_LIST[10].getInfoValue')
../../../utils/native/lite/os_dump/dump_syspara.c:54:27: warning: initialization from incompatible pointer type [-Wincompatible-pointer-types]
     {"BootloaderVersion", GetBootloaderVersion},
                           ^~~~~~~~~~~~~~~~~~~~
../../../utils/native/lite/os_dump/dump_syspara.c:54:27: note: (near initialization for 'SYSPARA_LIST[11].getInfoValue')
../../../utils/native/lite/os_dump/dump_syspara.c:55:29: warning: initialization from incompatible pointer type [-Wincompatible-pointer-types]
     {"GetSecurityPatchTag", GetSecurityPatchTag},
                             ^~~~~~~~~~~~~~~~~~~
../../../utils/native/lite/os_dump/dump_syspara.c:55:29: note: (near initialization for 'SYSPARA_LIST[12].getInfoValue')
../../../utils/native/lite/os_dump/dump_syspara.c:56:17: warning: initialization from incompatible pointer type [-Wincompatible-pointer-types]
     {"AbiList", GetAbiList},
                 ^~~~~~~~~~
../../../utils/native/lite/os_dump/dump_syspara.c:56:17: note: (near initialization for 'SYSPARA_LIST[13].getInfoValue')
../../../utils/native/lite/os_dump/dump_syspara.c:57:23: warning: initialization from incompatible pointer type [-Wincompatible-pointer-types]
     {"SdkApiVersion", GetSdkApiLevel},
                       ^~~~~~~~~~~~~~
../../../utils/native/lite/os_dump/dump_syspara.c:57:23: note: (near initialization for 'SYSPARA_LIST[14].getInfoValue')
../../../utils/native/lite/os_dump/dump_syspara.c:58:25: warning: initialization from incompatible pointer type [-Wincompatible-pointer-types]
     {"FirstApiVersion", GetFirstApiLevel},
                         ^~~~~~~~~~~~~~~~
../../../utils/native/lite/os_dump/dump_syspara.c:58:25: note: (near initialization for 'SYSPARA_LIST[15].getInfoValue')
../../../utils/native/lite/os_dump/dump_syspara.c:59:28: warning: initialization from incompatible pointer type [-Wincompatible-pointer-types]
     {"IncrementalVersion", GetIncrementalVersion},
                            ^~~~~~~~~~~~~~~~~~~~~
../../../utils/native/lite/os_dump/dump_syspara.c:59:28: note: (near initialization for 'SYSPARA_LIST[16].getInfoValue')
../../../utils/native/lite/os_dump/dump_syspara.c:60:19: warning: initialization from incompatible pointer type [-Wincompatible-pointer-types]
     {"VersionId", GetVersionId},
                   ^~~~~~~~~~~~
../../../utils/native/lite/os_dump/dump_syspara.c:60:19: note: (near initialization for 'SYSPARA_LIST[17].getInfoValue')
../../../utils/native/lite/os_dump/dump_syspara.c:61:19: warning: initialization from incompatible pointer type [-Wincompatible-pointer-types]
     {"BuildType", GetBuildType},
                   ^~~~~~~~~~~~
../../../utils/native/lite/os_dump/dump_syspara.c:61:19: note: (near initialization for 'SYSPARA_LIST[18].getInfoValue')
../../../utils/native/lite/os_dump/dump_syspara.c:62:19: warning: initialization from incompatible pointer type [-Wincompatible-pointer-types]
     {"BuildUser", GetBuildUser},
                   ^~~~~~~~~~~~
../../../utils/native/lite/os_dump/dump_syspara.c:62:19: note: (near initialization for 'SYSPARA_LIST[19].getInfoValue')
../../../utils/native/lite/os_dump/dump_syspara.c:63:19: warning: initialization from incompatible pointer type [-Wincompatible-pointer-types]
     {"BuildHost", GetBuildHost},
                   ^~~~~~~~~~~~
../../../utils/native/lite/os_dump/dump_syspara.c:63:19: note: (near initialization for 'SYSPARA_LIST[20].getInfoValue')
../../../utils/native/lite/os_dump/dump_syspara.c:64:19: warning: initialization from incompatible pointer type [-Wincompatible-pointer-types]
     {"BuildTime", GetBuildTime},
                   ^~~~~~~~~~~~
../../../utils/native/lite/os_dump/dump_syspara.c:64:19: note: (near initialization for 'SYSPARA_LIST[21].getInfoValue')
../../../utils/native/lite/os_dump/dump_syspara.c:65:23: warning: initialization from incompatible pointer type [-Wincompatible-pointer-types]
     {"BuildRootHash", GetBuildRootHash},
                       ^~~~~~~~~~~~~~~~
../../../utils/native/lite/os_dump/dump_syspara.c:65:23: note: (near initialization for 'SYSPARA_LIST[22].getInfoValue')
../../../utils/native/lite/os_dump/dump_syspara.c:68:5: warning: function declaration isn't a prototype [-Wstrict-prototypes]
 int QuerySysparaCmd()
     ^~~~~~~~~~~~~~~
[328/341] AR libs/libdump_static.a
[329/341] gcc cross compiler obj/vendor/pzkj/pz_hi3861/common/bsp/src/libtemplate.bsp_mqtt.o
../../../vendor/pzkj/pz_hi3861/common/bsp/src/bsp_mqtt.c: In function 'MQTTClient_sub':
../../../vendor/pzkj/pz_hi3861/common/bsp/src/bsp_mqtt.c:272:1: warning: control reaches end of non-void function [-Wreturn-type]
 }
 ^
[330/341] STAMP obj/utils/native/lite/os_dump/utils_os_dump.stamp
[331/341] STAMP obj/utils/native/lite/utils.stamp
[332/341] gcc cross compiler obj/vendor/pzkj/pz_hi3861/demo/19_ds18b20/libtemplate.template.o
../../../vendor/pzkj/pz_hi3861/demo/19_ds18b20/template.c:627:13: warning: 'beep_mqtt_task_create' defined but not used [-Wunused-function]
 static void beep_mqtt_task_create(void)
             ^~~~~~~~~~~~~~~~~~~~~
../../../vendor/pzkj/pz_hi3861/demo/19_ds18b20/template.c:559:13: warning: 'beep_mqtt_handle_packet' defined but not used [-Wunused-function]
 static void beep_mqtt_handle_packet(void)
             ^~~~~~~~~~~~~~~~~~~~~~~
../../../vendor/pzkj/pz_hi3861/demo/19_ds18b20/template.c:468:12: warning: 'beep_mqtt_subscribe_commands' defined but not used [-Wunused-function]
 static int beep_mqtt_subscribe_commands(void)
            ^~~~~~~~~~~~~~~~~~~~~~~~~~~~
[333/341] AR libs/libdeviceauth_hal_liteos.a
[334/341] AR libs/libtemplate.a
[335/341] STAMP obj/vendor/pzkj/pz_hi3861/demo/demo.stamp
[336/341] STAMP obj/applications/sample/wifi-iot/app/app.stamp
[337/341] AR libs/libdeviceauth.a
[338/341] STAMP obj/base/security/deviceauth/deviceauth_lite.stamp
[339/341] STAMP obj/build/lite/ohos.stamp
[340/341] ACTION //device/hisilicon/hispark_pegasus/sdk_liteos:run_wifiiot_scons(//build/lite/toolchain:riscv32-unknown-elf)
[341/341] STAMP obj/device/hisilicon/hispark_pegasus/sdk_liteos/run_wifiiot_scons.stamp
